3 0 146 191 
3 296 299 86 
3 180 32 22 
3 216 170 235 
3 54 50 81 
3 85 91 289 
3 167 225 155 
3 212 44 154 
3 116 242 126 
3 249 217 90 
3 75 89 5 
3 168 129 292 
3 108 10 266 
3 87 295 124 
3 164 102 139 
3 41 193 248 
3 80 188 293 
3 259 101 206 
3 275 207 78 
3 103 14 142 
3 184 48 250 
3 34 232 20 
3 294 112 272 
3 148 119 238 
3 88 24 93 
3 110 27 45 
3 127 12 228 
3 162 187 118 
3 161 265 71 
3 72 82 31 
3 13 201 145 
3 203 38 255 
3 99 56 291 
3 260 181 252 
3 159 73 264 
3 95 140 233 
3 8 209 297 
3 62 141 135 
3 276 40 182 
3 133 202 1 
3 213 25 94 
3 4 239 176 
3 7 197 143 
3 290 98 215 
3 285 177 192 
3 92 29 55 
3 156 236 51 
3 134 263 49 
3 15 28 208 
3 136 128 123 
3 210 196 257 
3 246 160 97 
3 273 59 151 
3 63 131 240 
3 107 158 199 
3 58 267 262 
3 74 157 47 
3 218 16 30 
3 150 205 37 
3 137 219 120 
3 227 106 69 
3 220 152 178 
3 105 42 115 
3 125 230 153 
3 96 237 251 
3 19 298 189 
3 144 190 279 
3 282 61 194 
3 245 70 186 
3 18 166 100 
3 226 163 149 
3 271 83 280 
3 21 254 84 
3 224 172 77 
3 171 53 229 
3 60 288 173 
3 68 256 132 
3 185 283 66 
3 121 3 2 
3 286 26 247 
3 214 23 17 
3 198 64 278 
3 39 195 231 
3 244 6 9 
3 284 269 274 
3 200 109 52 
3 111 223 165 
3 113 138 169 
3 281 104 211 
3 243 287 130 
3 57 122 46 
3 79 43 175 
3 261 35 270 
3 11 76 183 
2 204 268 
2 174 222 
2 258 147 
2 277 253 
2 114 67 
2 241 117 
