6 2735 8670 9231 174 6521 3945 
2 8890 2887 
4 4679 8088 4476 6889 
2 8773 1399 
6 3090 7013 5284 4317 3028 8572 
3 7109 9925 5513 
4 6689 719 1949 3202 
2 2384 4941 
3 6252 9579 1817 
2 1135 6517 
3 6031 7948 6285 
3 1209 3654 9377 
2 1178 4887 
4 563 5480 6644 1247 
4 6466 3696 9109 2573 
4 549 6321 7940 6686 
3 2015 6377 6610 
4 9313 1105 5934 5982 
6 5018 8878 580 3708 3809 1140 
2 7468 7678 
5 2519 7957 474 9550 3539 
7 4525 9913 5954 476 8397 7304 3378 
7 1776 311 9954 3246 9184 3883 4841 
4 8758 9459 7813 9921 
7 88 3607 6403 3119 9251 2486 8332 
3 2465 3578 6544 
3 7913 7575 5067 
3 3580 2418 8727 
7 4309 9325 7070 8184 9763 7483 6018 
6 5970 8477 622 4214 7227 7376 
6 5324 713 2986 9121 984 2528 
7 519 9679 1097 6277 6039 4965 9287 
5 4839 2720 6198 4829 5441 
6 423 4078 7929 2176 1411 3861 
4 1560 7716 3774 4793 
7 606 5497 187 297 3647 3767 3491 
7 6663 1305 6807 4637 5649 3475 7110 
6 4758 6228 5868 3321 8231 7773 
5 1066 1273 9449 7097 2591 
11 8175 5445 2247 3555 7862 5352 4011 712 5296 4898 9690 
7 5335 1867 7401 4618 1563 3468 1880 
3 3055 8227 4325 
6 6822 7965 7952 3030 7325 4818 
6 3817 8292 2061 489 8965 5226 
3 6381 8578 5903 
5 7499 4058 8102 3358 6753 
4 3629 9847 4644 2736 
7 2432 2316 2571 268 4948 7347 1159 
13 4742 6916 6695 6263 4842 5222 2589 6724 8967 8345 7239 6520 2170 
7 6002 8731 6670 2008 6607 5991 1546 
6 5235 9675 8395 5192 3147 2660 
6 672 117 6412 4687 2297 2053 
7 9409 1040 6912 2212 9750 1426 3737 
13 7475 5086 1315 29 3149 8520 8086 1803 6793 3614 1706 3656 1708 
11 2920 9976 2695 6965 4090 666 2184 1067 4811 1304 8908 
9 4094 3371 9216 2327 3457 9864 1381 1416 4417 
5 1757 3855 1269 7804 3088 
7 9752 3869 768 7329 1192 7671 7909 
5 7657 8950 8587 8711 4796 
9 5440 3988 5341 3692 3693 3311 5983 3536 5254 
11 677 5860 273 769 3167 6649 9187 1724 7108 2110 1855 
9 9514 222 9003 9283 6913 5858 1778 5250 1000 
9 3549 6901 8342 5424 7088 7561 1973 5815 2939 
13 4601 3442 4435 9619 9090 1866 6745 6630 2288 446 2353 6559 2363 
17 8708 6831 9888 2559 585 7318 4894 8675 5381 9581 1414 5875 5332 7113 7809 7713 913 
9 2883 7956 7141 5161 8509 3025 4475 3608 7206 
9 303 7040 2135 9563 7028 1874 8968 5272 8433 
6 4071 2917 5245 9927 5891 8308 
8 3307 8703 1664 9207 2941 2944 364 6527 
7 6815 7429 1005 9979 1194 3381 5071 
7 1138 6541 8564 7229 3540 873 1339 
11 8310 4307 372 957 5693 7810 6694 9291 4467 9754 8253 
14 4008 5300 4855 4495 8840 8420 2912 8290 7314 306 6349 1931 7723 6840 
11 1335 920 9799 7799 7711 1407 734 2166 6879 7153 978 
13 9707 6961 2576 9626 8698 6418 1384 696 9649 368 8605 5597 1732 
13 7861 961 5299 1528 6160 5343 3005 499 7534 7122 8753 5410 6019 
12 4059 6783 4143 2020 2949 4379 6633 6456 7891 9702 5091 9569 
14 7463 9305 2869 1993 8406 1978 19 7020 7346 1785 4052 4678 1633 562 
9 700 5716 741 3743 8189 6662 1228 3291 3936 
9 3444 5769 4150 7119 8458 5885 3758 4717 4469 
13 4377 8518 4346 24 7877 4066 4536 1438 7911 9402 7355 6397 4471 
8 1992 8640 4098 375 7186 7210 2718 1190 
12 1543 1888 61 9901 3049 1353 9670 864 6208 9503 8192 8330 
15 3156 8962 610 4056 9020 3546 8213 7849 5237 3655 1208 3292 4329 722 7289 
11 1515 3281 3239 5902 1332 3008 2512 4352 872 2654 923 
10 9393 9523 3253 2774 8489 6424 5721 4836 9252 3207 
14 7928 157 3103 2429 2313 7455 1735 8459 1013 5743 8557 4048 7926 1626 
10 8329 3471 7640 554 7064 7156 789 9011 4411 9803 
6 5717 3168 4788 3409 7779 4646 
6 9084 8728 6794 9920 5562 8563 
8 9140 5304 4882 5598 2324 6150 9349 3560 
14 84 445 1833 1815 9698 3564 3697 9046 1651 1421 1111 7464 3330 5059 
15 6706 541 6115 55 4494 567 3667 7687 9691 4387 3092 1223 2717 3338 2758 
11 2356 8204 7293 6654 3826 5402 3104 4815 9483 8394 9693 
7 568 6361 7709 1794 9985 8071 8994 
12 7399 8559 9411 2531 5406 3276 7993 6740 3779 1206 3760 5821 
14 583 8179 7188 9820 1447 4260 3249 3990 6200 7196 9636 8245 694 5968 
10 6952 8271 2828 3245 1773 6735 7373 3193 2209 7581 
14 2278 6780 3410 113 1838 7864 902 4223 2928 1186 8588 7284 589 9723 
11 4586 3333 658 2233 6485 1323 3176 3632 4520 8493 492 
4 219 8029 3362 8303 
12 2507 477 1406 8158 874 513 6634 1326 8306 5653 1478 5179 
10 6900 5971 4877 8449 7129 9463 4255 1529 9732 7147 
11 6767 4873 817 9166 4706 2791 9996 1002 1844 4337 3440 
8 6044 7140 7198 2714 4084 2881 5371 5478 
10 1879 5881 1492 5393 3197 4184 8447 7444 2769 8596 
6 6269 8149 3651 8792 7379 4027 
13 394 6502 8787 8302 8376 2123 2026 9640 6340 5732 2866 4361 2620 
12 6843 7435 3236 4428 7230 9544 5654 7768 1512 1146 884 820 
19 5027 1883 8783 5227 5358 1734 5990 9282 493 8040 7884 2031 3116 867 9186 8998 9601 1680 4095 
13 6656 5218 4693 1593 945 5517 2143 47 1252 5748 1319 7071 1956 
10 1227 6529 3640 8699 4511 9744 3050 7684 25 8730 
14 2296 5727 3579 3575 8020 6404 9137 1010 8073 3833 5917 4006 2088 2445 
12 9733 3918 1609 8262 1605 4781 8774 2495 284 8464 9044 1344 
17 3527 9347 8739 4635 8573 1674 507 7152 6360 7579 3227 4301 1623 6311 6152 1293 6934 
16 6189 190 9473 1637 4583 8277 6004 8566 4705 6430 3325 5553 389 7519 8611 4378 
15 6139 2424 3596 9052 7846 5049 3138 457 881 4838 9519 2693 2593 2491 3857 
13 2603 1170 2942 8435 1625 2511 41 4080 2132 210 1023 7291 9515 
12 8630 3294 7398 9128 8021 9965 5307 7882 8902 4070 101 7482 
7 4984 9935 1860 1959 854 233 1555 
15 8932 9405 2536 3951 6558 4537 4648 5829 7380 1977 8940 3904 8719 5190 1284 
11 5615 2079 7553 5487 3354 6875 4228 2112 9346 3926 9049 
18 1784 1372 9406 8736 739 6924 3601 5808 245 825 7870 9495 3557 2896 1246 229 8825 7600 
10 7114 7287 6877 2293 5698 209 5295 4029 9019 4557 
5 3257 3430 3739 1376 6441 
11 7612 5491 8629 1852 2742 3773 4863 1024 4588 9699 4949 
5 1113 6884 3334 2751 7433 
17 2738 8484 1630 6658 8425 6123 9452 200 5746 4299 4624 8586 6402 1553 4528 2533 9359 
16 8024 9974 4170 4575 3368 212 9735 6399 2075 3685 3086 5141 7524 4931 7154 1375 
17 6135 109 7471 8323 1030 5034 2422 2641 7086 1267 6526 4686 4154 3532 6238 7359 8000 
10 5387 6849 3384 7319 5920 4405 6825 933 2291 6190 
7 7889 9852 726 9385 5377 3729 7025 
16 5213 5948 3208 6110 1251 7117 730 8370 448 3830 146 7816 9666 7453 8344 9530 
15 4208 6752 1689 4164 8892 6409 3114 5359 849 6927 2346 1744 1868 54 6258 
9 7180 8848 6851 2523 5626 4065 6591 5883 9489 
13 3148 8209 2426 1588 150 4482 1908 2754 9199 23 1442 7368 1015 
11 7320 2106 3849 1142 3396 2649 7613 9600 1131 1327 7039 
14 6329 7512 627 4546 5510 8426 498 5156 5511 2167 9232 2412 17 641 
15 2538 9246 5856 2401 839 442 9191 6809 9364 422 105 3507 5317 3635 7632 
8 699 2788 2957 1524 9289 313 6744 9360 
14 6199 3196 4959 6457 3424 6206 6669 3512 6173 4913 6762 1922 788 4321 
11 8055 7704 6168 6053 9487 2782 6536 871 1143 6980 5886 
11 4885 3160 892 2748 6410 5621 965 8274 9833 3230 8047 
16 4414 315 7224 7248 482 8715 5495 6313 6247 6460 6515 8891 1542 4747 5937 4795 
14 2357 271 7927 5425 69 4507 977 1835 2857 3225 6687 7623 4191 1107 
12 5113 1090 8548 4661 6125 7372 3594 2074 379 5679 8599 7972 
15 6493 2838 7585 1363 5699 1221 6645 3181 3537 272 8788 4700 3324 8070 6828 
19 7116 7451 2963 661 3461 8462 7430 7226 7737 7211 5540 5124 5913 1474 9418 8199 7722 2463 9350 
8 2436 9412 9556 326 4629 39 7075 9520 
12 1984 4437 3329 3891 3989 7428 9869 6474 3865 8546 5864 9824 
16 2006 1530 7677 1564 9806 6710 5711 9872 8298 2954 6808 6463 1274 9840 6595 7393 
14 6747 328 3024 8574 2784 9255 8536 7102 2741 6222 4532 7383 9708 2430 
11 2899 5710 6155 4112 5955 6245 5158 7867 310 3071 7458 
12 8104 9627 3017 6951 6903 908 3905 3341 3749 6933 9637 1288 
8 400 2335 6327 2382 6647 2343 2541 5573 
10 5572 5500 2642 1697 3453 5054 7811 2984 1061 1114 
12 5818 7357 1100 9274 332 8786 8410 657 4953 408 4773 8824 
19 842 5112 3029 6804 2975 3603 8254 4202 5409 9100 2240 4245 4939 8111 8780 5961 5536 690 9811 
9 7104 3067 5466 481 3426 3566 35 9249 4483 
13 9685 3170 6239 7000 6550 4666 4450 137 1027 4492 6 1020 2210 
10 5744 9851 1121 8207 2056 8348 6066 1459 7990 6600 
17 7082 5060 6068 4200 2566 9633 3066 7668 2119 9138 8038 9741 5444 6384 7059 7992 8789 
12 1635 4455 8832 6420 4003 7434 1843 318 2128 1676 6363 9868 
16 9768 2915 206 6450 8713 7574 5887 4493 8421 5847 6416 8553 8809 5198 1385 3048 
16 166 9306 6455 2198 9890 6786 8795 3068 3910 5690 584 852 4138 3848 4683 2038 
11 9595 6164 9267 935 7193 7662 1721 5780 2615 2007 3931 
11 9087 3976 9559 8440 4830 5593 1480 1282 8571 8235 2669 
16 3459 3572 9316 2681 5554 435 9586 428 7191 643 4123 3315 3829 943 1087 1204 
12 2520 6741 4848 565 9030 4940 6244 5437 384 6960 5127 3069 
12 8979 6756 4421 1995 6293 9897 5914 2099 1322 2310 5850 8232 
16 1489 4194 9813 8309 4673 802 2982 9171 266 1215 2171 6548 5134 6583 1064 2961 
14 6304 530 4794 8346 1655 1755 502 6563 7174 7633 5764 8661 2977 7760 
13 2230 8224 9628 3073 9071 3490 9353 9505 2852 6580 1695 7139 2951 
15 9401 4910 3188 3991 9562 9105 2000 9743 97 6248 2246 1071 3824 7264 437 
18 2711 5006 5089 3786 1640 290 9680 989 8529 6597 2207 9804 9158 7506 2583 5811 8885 1082 
10 8978 4630 4107 8653 2981 8244 8481 4420 8726 2322 
9 6159 2147 6473 5017 3778 454 4074 1037 7362 
15 8203 2657 8157 9815 601 982 9737 5260 7643 5481 7680 524 5985 5471 7035 
15 4233 3317 8198 5205 5507 5816 8995 4639 4709 5062 4415 3906 5919 262 3367 
11 5189 6192 3129 1518 6922 6076 5426 7275 6319 6855 773 
16 7792 5369 8382 720 9575 32 4404 7682 6261 2825 9836 369 684 1525 5969 644 
17 4935 2118 9874 2904 6942 6523 9705 4595 4615 8915 4274 9908 7610 5373 2011 7015 3523 
17 5890 5636 1830 1955 4376 1580 2518 4990 3740 6274 1364 8214 9512 7918 5975 2502 7290 
9 7546 7446 3191 6567 9751 1177 8035 3163 7061 
14 277 608 3947 3199 3220 1365 4636 9624 5635 7778 5979 1085 7288 3797 
16 9320 8328 7638 1240 6012 8991 5433 9065 66 3669 3752 6974 6830 9740 2376 3562 
19 4833 5996 4109 6202 199 1550 2686 8079 895 8761 3403 9357 8895 2959 594 7250 9914 5616 2658 
13 4196 4502 168 4807 856 8188 1628 1016 8160 880 388 4868 3286 
14 2626 9602 5214 2783 2605 2577 9738 9845 2556 7068 9784 6116 6090 1559 
16 7406 3510 6338 6836 439 95 3433 7387 8194 3215 3680 350 967 2177 5084 5244 
12 9469 409 6220 6356 9182 4880 6601 9561 6297 3751 6581 180 
12 2455 4349 511 6475 4704 3530 5382 3278 4335 2308 9509 9910 
15 1869 1527 4826 5712 1218 3502 2473 5724 1537 636 613 693 1736 6154 766 
18 6307 5535 3541 2973 6711 1201 7686 3414 6089 640 1913 5120 6114 8721 9964 7189 8402 9525 
19 9012 248 718 5516 1777 5347 7787 4819 1325 4366 1051 6680 5080 4175 4212 9999 9451 8319 4445 
18 697 7648 7465 6718 6316 7580 1792 8989 4481 141 6062 6962 9062 8937 397 1042 3827 4778 
11 5771 8784 3966 4973 7535 2706 8099 5556 3709 5138 5545 
10 1970 8868 4938 9042 9497 415 4559 129 2359 7621 
22 6296 7631 1054 8614 5650 6512 6034 4064 3818 9429 6333 3940 509 3293 5094 5801 7247 1818 9843 5928 3771 3288 
21 7975 4665 2539 4088 2333 4854 9819 3867 9613 3949 698 6006 7782 8048 1654 3023 4936 3911 5652 4339 5531 
20 3821 7876 2216 57 4645 8595 1910 1685 6868 5941 7749 5909 6495 2047 5589 6725 1699 1093 9638 4268 
18 9543 1200 7255 6503 3263 3477 3054 7315 8970 6907 6864 2407 6699 5470 2582 2155 5742 7641 
22 6765 951 7323 1503 9631 5303 4593 3439 9273 1276 1453 2612 3135 412 9665 894 558 2858 8202 8971 973 995 
12 2690 5282 164 8085 9464 8173 2368 8326 7125 1682 5763 1998 
16 128 4980 9045 1500 3615 9492 8747 2338 2537 189 4944 8793 9444 5171 7003 7522 
13 9078 8835 3411 1723 2470 7337 9381 799 4470 576 2768 8958 835 
14 5025 9382 3921 8681 9657 3194 494 5241 3609 9687 819 9826 1789 1545 
10 4761 7557 9135 9949 8554 2966 3496 2191 4810 8422 
18 2780 4207 5602 2999 645 6966 1102 3624 81 5340 9607 6431 9372 7947 7408 8606 8633 5647 
20 4867 8434 9297 3375 3816 7683 1634 267 1369 3896 4689 5674 1842 6462 8218 2678 184 4972 1 2448 
17 6003 780 4720 4141 7847 1281 607 4802 7037 9441 5169 3389 9933 8340 6614 3503 1808 
18 9805 3866 1986 9654 4028 5686 7732 7282 5662 7762 3597 6181 928 8064 7924 2487 581 1022 
21 5541 615 1508 6615 1627 2261 1693 2525 6989 8182 9644 3323 4000 8815 5365 6104 2933 8762 3229 702 7283 
23 1804 9830 3445 6058 5135 5888 633 5279 9478 8110 9229 4144 2443 4333 3917 7218 5463 9533 8162 8538 4691 757 1653 
22 7637 9696 8133 3875 2856 2967 5453 6729 6484 4449 1568 1428 127 3161 3187 7844 3283 6899 4753 26 6817 3224 
17 7249 1994 7602 6021 1430 2787 4485 2497 1859 9177 9319 7971 6452 4121 305 9516 7655 
16 6255 1260 2440 656 8128 4713 5100 3915 4433 938 7697 5610 8935 1423 5004 6143 
22 8351 3083 2305 4558 3840 2997 3842 2464 1436 382 2760 4768 5559 2501 4950 1289 4030 8061 4022 8452 3337 1088 
14 5285 135 2036 3398 8379 2527 1046 7659 9849 9880 8115 798 1763 5578 
14 1313 6186 7934 7994 3393 2731 7342 4403 6389 2777 1533 9621 134 2709 
24 9944 9144 6069 5668 9620 5779 9127 9923 6984 5782 5660 6566 4582 4477 5851 7280 609 748 5773 4231 6958 4994 6060 4023 
20 6265 9485 4137 5756 330 4099 5238 230 9054 5564 6056 4073 3145 1670 2269 4998 7051 3492 8636 8499 
17 8448 4020 8856 6119 3795 9742 559 767 7490 7650 4135 9867 4626 8469 5281 548 7133 
20 3462 2399 8823 6742 6749 4115 3807 7208 6584 8504 9962 7135 2192 4584 6622 7130 6801 5475 1821 3705 
10 6547 4409 9037 3169 9392 7679 8819 9403 7635 2265 
23 7666 8637 9549 9947 6538 3789 8951 3205 6832 9611 7764 9513 2561 7665 7599 1622 2894 9798 9056 2283 1092 7426 1713 
21 5090 9104 4410 1904 9286 5088 4744 5021 3454 2115 9998 5908 6769 3955 7753 1836 8729 7297 6509 8251 1726 
22 5757 8338 8521 3105 3058 665 3319 2352 7438 2937 8506 8373 6904 6038 1316 7960 2237 362 8276 5889 5376 6935 
16 533 7277 7690 2178 8996 2330 8097 6692 5140 4730 3504 264 4500 6514 1961 1966 
20 4875 956 8285 3585 3542 3051 6480 952 7746 2477 3117 1979 8107 1519 1166 7815 7854 4181 8623 807 
12 8803 6141 6886 1181 5557 5394 9436 1236 4100 5997 5828 218 
11 9926 8146 98 9179 9180 5374 249 8830 9541 4736 8147 
24 975 3108 4250 3783 4024 6305 9731 4602 2164 5514 7503 2680 4204 7497 1058 9946 7866 4005 3864 3889 5918 1356 8046 6439 
21 4153 3554 6029 1863 6985 102 2551 7344 8667 2323 4221 5670 2156 2851 7904 6499 1129 651 8641 1805 5688 
15 655 4050 5240 4658 6413 6618 425 3952 5344 6102 4608 5384 1094 605 3638 
14 3200 7312 8093 9524 3232 5994 8028 9160 2125 9718 8632 3178 3959 89 
25 7236 5957 7243 4101 4656 1079 4605 9116 7043 4862 3570 1746 2121 3213 6318 3155 9379 2057 3296 4465 1007 393 3662 2786 8921 
14 4246 417 1601 5234 830 6009 4089 254 9639 9322 3694 2749 8679 6834 
19 4225 7085 9795 8791 950 4205 1245 8609 7498 4654 7842 2978 3977 6129 1666 351 6306 1427 1594 
25 419 3602 5777 2635 9769 152 4957 6648 9064 7364 6251 7501 907 6146 5625 9822 5168 964 4211 1882 3252 1452 8201 2579 8269 
22 3717 5663 5212 761 6425 3636 348 9557 6279 7010 6426 8843 1772 2173 7788 6988 9663 6099 593 2564 7767 3134 
20 3544 4657 6000 4291 7479 6272 8585 1787 7142 5658 9361 1806 9682 1308 564 4419 3198 5176 3558 5842 
26 4920 9254 846 3938 5678 7874 2952 2250 2033 5400 4857 4834 7777 3210 5247 361 4442 6727 3312 8598 4672 2637 2908 926 1615 4277 
23 4285 5892 9757 9681 6842 5287 853 8800 4397 1297 6932 3811 592 5350 3305 7021 2433 9659 9726 4239 5840 9764 1562 
19 8816 8766 2639 7172 9002 595 1233 7761 7150 3986 1914 836 3438 4925 8975 9986 4390 7182 8013 
25 1997 6128 2442 2077 8772 9375 1311 5193 6703 1942 374 2315 1590 9658 8108 9363 6106 7265 7233 9966 6594 3835 2968 5977 5439 
16 7572 4733 1729 7663 8785 9457 4163 2234 6674 4561 3345 5622 7195 9258 4275 3870 
21 2425 497 8059 3663 5656 2126 2675 5809 8239 8431 5608 4351 7790 3508 7930 9862 165 8369 1894 432 4197 
23 4703 7554 6352 506 6398 7203 8273 6805 5952 2059 4326 5221 2948 4168 3968 6372 5980 3431 2478 3091 6032 8080 8139 
13 211 8353 4623 1443 65 7793 9810 4942 7363 8153 4051 1659 240 
20 3605 172 3666 5107 2916 9645 8973 8510 2907 2670 2740 686 7560 5664 3272 6145 1118 9099 7460 1403 
24 5182 3885 9164 7628 6182 5291 9341 3102 6346 3432 9474 9593 6262 7046 3434 4468 8215 14 7978 9024 1347 6795 1306 3110 
17 3022 7710 3036 5457 5910 4772 2122 8857 9748 2876 5509 1216 2298 9878 5788 2090 1507 
23 119 4782 7190 2041 92 1565 1725 8827 286 353 2796 2645 9547 8906 6072 3031 879 6226 3407 8278 7042 9776 1207 
24 5566 9625 6454 4016 475 596 2653 1768 6041 4453 4628 2765 4358 1502 1727 5320 7835 8875 5412 8913 6606 6715 6626 2145 
24 7567 2992 4613 7494 8155 4372 2753 529 5228 377 5008 3221 5116 7626 4234 6543 1368 2481 4303 8893 4570 2488 8226 5493 
12 2934 6575 5830 553 2809 6562 3534 883 2844 2500 7330 1018 
12 8419 9634 8768 1797 1239 8094 674 8820 4523 5950 2546 4604 
20 9951 1963 7382 782 6537 3759 6098 8505 6898 624 1947 600 9366 207 5561 6217 9664 6348 143 9765 
25 6818 2663 7492 3970 6336 9712 4147 4652 5770 1264 161 1461 7727 3392 1618 5164 6995 6564 5634 1080 7702 4901 831 9391 9088 
23 483 7442 1175 8219 7386 3802 7209 8187 4302 7712 3754 5092 4625 5166 1229 4573 9076 4757 2747 7951 3020 3559 8723 
24 6856 9314 6023 8412 4872 2235 1355 3099 4828 52 2021 2923 5804 2732 80 288 3132 6516 148 451 5248 6124 2326 1076 
18 1873 3026 3038 7840 7595 7988 1433 7194 7672 5072 3387 3081 9245 440 7242 7069 1663 8365 
18 5719 9511 3370 6357 7019 6078 9817 1431 4569 3211 6560 5639 8568 4580 4823 4122 2926 626 
22 5477 5012 9130 4017 1331 4400 715 6243 9539 7080 282 561 2142 2619 5492 5506 6301 5946 8948 2847 763 7017 
23 5620 7698 1460 9118 8259 252 7856 5219 5838 4441 1591 7630 2596 9755 3186 1854 9021 8473 2005 3063 3633 5434 2280 
25 6771 5627 5783 7034 2180 9466 6216 7048 1330 2054 7167 3992 9919 991 9293 4235 6230 4438 7892 1877 0 5157 7831 8349 9993 
29 3972 7685 9871 100 7759 1152 5539 6359 8860 3082 2290 7296 8974 2431 7402 3404 8027 4251 8778 6267 6773 1782 9266 1974 291 9898 2609 2019 5047 
23 1272 381 6498 3420 3701 6589 2406 826 9151 1831 4651 8540 7588 7285 3277 8900 6231 2630 205 324 1333 9058 900 
10 9345 5503 6133 7555 7609 8031 285 5211 5705 7432 
27 3565 2245 4297 1222 8955 1324 7912 5701 4344 8851 5603 1688 5313 5210 9333 863 5292 2024 9170 2826 7511 1940 1479 6717 7053 8124 9069 
22 1386 6392 7883 6764 4035 5366 2979 659 9482 8864 320 7164 6824 3828 9047 8946 9338 4412 4554 6465 5825 2953 
25 4869 2570 1491 8575 9419 8796 1587 2640 4119 8413 3691 1117 5105 21 9894 9230 4915 3736 2454 78 3613 3388 5618 3611 7950 
25 3616 9190 2409 9617 7232 2434 1494 9948 3482 9912 7014 4406 5042 8904 776 1946 1925 8307 6768 5550 4551 5683 6214 6087 9304 
17 9450 753 5375 7162 6380 6197 4496 2722 1709 1119 5103 1253 486 3957 5776 9865 2814 
17 8682 2060 7448 3122 1660 8909 9082 2805 4043 2936 5117 6887 5461 7836 7784 8722 7105 
17 3583 4139 85 9262 708 7316 2790 9321 6513 5479 905 7703 985 3703 1285 6365 438 
20 5351 8034 6446 1496 9647 9576 2355 7513 1199 1168 1047 9661 6540 5498 2405 9528 8478 9608 6482 3620 
20 4396 2140 8615 8176 704 7477 7176 6094 7149 3782 6447 4675 9553 9848 7997 1021 7771 1035 3792 3588 
22 6739 3047 5601 3493 5082 772 5428 8037 6946 833 8004 8017 8288 4012 9989 4991 8525 4530 2131 4599 5294 3698 
24 1684 3112 1106 2781 9410 1160 8018 1985 3429 6737 8741 275 1786 815 3242 220 2144 1764 4548 3837 1156 6323 8870 4292 
20 9018 572 4643 2105 6698 1937 6850 6391 1960 8662 8687 1749 6249 9534 6256 9760 6207 8704 3525 5745 
23 6438 1557 4585 9610 5799 1346 8058 7843 6596 5101 9462 8646 6820 434 116 5000 8180 3890 7476 6193 8837 1185 8850 
20 2651 3879 6969 4786 4930 8938 8339 9159 918 7259 9456 6382 1775 7450 3179 7744 8839 535 4577 3545 
22 378 1902 7276 120 7558 115 990 9284 4340 5133 8743 7536 4899 5019 860 9739 31 4996 3730 994 7649 60 
25 8042 4806 8530 2799 2217 2160 617 2602 6331 76 7187 2710 4647 4533 3013 1953 5396 7241 1321 932 4118 1795 3322 4961 5404 
26 3270 611 7246 1762 9458 1521 7730 8523 7729 5709 1656 979 8460 7510 7056 3235 3661 664 8755 2334 4237 2469 6112 6241 7175 6390 
17 9477 5187 354 6101 6013 3394 7078 688 8284 8335 7898 7367 5197 1526 4364 1056 7899 
21 2181 9538 292 992 3062 7096 9077 1098 7267 1123 586 6983 5484 8200 4603 9448 5325 2257 2342 3265 6917 
21 4587 1667 9832 8671 6213 1864 1004 7830 8237 7466 6578 1572 1034 3516 2524 8949 9648 9454 6010 4142 3617 
14 208 4914 7941 1415 4068 3173 742 3027 1400 3733 9253 2806 3903 5749 
23 8831 6638 7692 8116 6719 7274 5069 1700 1791 202 4964 728 6235 8258 1485 6178 3074 3927 1283 9653 1280 3728 8119 
24 8368 823 8403 4007 8806 3839 9238 5074 8798 3141 484 5023 7351 5640 4809 1296 3852 7157 4640 2872 1586 6545 869 5542 
22 2600 7922 9537 2745 4541 9033 8610 777 3524 216 4971 7556 9583 8387 2092 5624 8845 2815 9885 2172 7181 5798 
22 1465 986 5584 775 8804 1862 459 4249 2373 3722 5123 9083 723 6184 6759 5229 3595 2091 1390 3791 4473 5063 
23 1647 3057 552 6871 1294 2930 3785 542 9438 3731 6223 5391 9384 8127 929 3805 1933 4572 8999 2692 8866 8430 6371 
23 922 6705 5422 1232 3290 6784 8665 6882 1541 8051 6312 8590 9299 1561 8325 3634 4963 471 6108 322 6477 8083 6603 
13 376 1487 5844 5064 1464 8334 9686 3061 4152 7720 9048 3887 9211 
16 4659 7785 7425 8782 8300 1679 3216 4698 4824 8471 9788 2812 5604 5637 8468 3275 
28 832 8191 942 8118 5043 4227 9900 4300 3798 8500 3657 9652 3222 7271 8976 8359 9588 7106 2127 9040 8364 3995 8861 3180 1350 7251 5130 2704 
24 9527 9209 2385 1511 3326 9156 2270 30 2958 9758 1612 887 7879 3473 6683 6282 3900 257 631 4752 9465 4506 7751 3899 
24 6652 5642 5267 5628 9035 2776 4800 9027 2035 5708 6157 5155 5734 7520 2003 2676 6945 33 420 3125 9301 2516 2865 8625 
24 241 1349 6967 9809 6082 7693 352 6103 9221 5995 4840 6156 1889 1814 3519 9404 1793 784 441 5024 8336 8838 3427 2252 
18 8445 6024 7916 9263 3909 1891 40 9143 9780 7094 5793 3689 5151 5010 7878 8581 5988 948 
21 6048 8742 2404 7456 9440 5962 8014 5380 8343 538 2186 3137 5152 1936 850 2196 5159 1976 7146 8594 8942 
18 1845 4063 9858 5579 6716 5452 8624 680 2370 2793 1554 9672 153 5570 5669 6322 4716 3097 
22 4318 9761 3993 7245 2505 8652 7493 5099 194 8492 8549 2204 6309 2071 9178 8702 1435 3571 2940 6212 4116 2746 
27 8236 671 2927 9202 5866 4555 8263 8030 2362 2397 6268 1198 3295 7770 5992 8748 5097 8576 3001 7340 7084 4926 8982 1374 8934 6487 8012 
21 4544 4171 1613 629 2415 6681 3901 8407 515 6064 7529 3813 687 8565 8172 1096 4952 1360 2070 251 8865 
28 7092 2696 8876 3098 7642 2394 1348 8987 6806 46 11 2513 3946 7627 2534 4550 2739 5518 628 3273 411 3676 6661 1149 9967 5599 4047 5449 
24 1884 7253 2320 9952 5310 9165 691 1193 8617 9103 1383 8616 6203 43 3980 5736 3996 5687 6616 6014 9791 9770 204 7509 
17 5751 7636 4503 578 7334 8126 4314 6678 9055 3256 919 2096 9599 5949 9714 7968 3812 
21 8854 2482 6896 7901 3165 6237 7516 2882 5619 1702 5904 1566 9943 5327 4015 8986 7192 8304 1060 7989 1157 
19 5036 7041 9394 6593 9089 6134 6883 6165 7403 3919 8881 9895 2004 470 4808 8411 1652 7375 6750 
27 3732 3958 660 531 6643 709 2076 751 5050 9031 1774 2498 5031 255 9571 1668 4621 1446 3832 7532 2381 9257 3206 1935 4310 336 9567 
26 5263 4607 8555 646 5803 2377 4117 9264 2467 9678 3339 5835 106 4093 4165 4688 8907 3764 2215 4751 528 3076 1408 2822 2337 7496 
22 3366 2919 4034 159 91 3981 4884 1981 7754 8193 2364 7062 5401 4373 9431 7688 7050 2823 9854 3863 8879 3630 
23 8112 4986 9972 1745 74 2702 2543 2969 9421 8140 7907 4278 3714 4244 1990 9295 9957 7478 427 3298 4735 3612 6524 
18 6814 896 9564 5405 8953 6925 6751 2715 6602 1538 4082 4148 6999 6355 5737 8165 770 1009 
27 169 6026 2900 1352 300 5695 3451 4497 1309 2393 8063 9376 7817 3682 8067 5288 2535 4252 4721 7518 8114 4427 6612 5935 1153 9484 6505 
25 3721 4021 4256 1062 1779 121 9789 4224 1875 969 8760 1720 3300 556 4974 163 6972 6046 103 6624 6766 7391 7356 669 8196 
27 8367 9242 2817 8378 5713 6407 1583 5967 7370 9324 1934 5314 9110 5786 4198 9239 3820 3359 1440 1704 7095 9148 5414 488 9642 4987 8884 
27 1733 9276 2585 6283 3247 9612 6374 5792 2174 5878 9508 536 546 6326 5005 8354 2617 7200 7736 5264 4261 7343 8282 9294 302 2597 8980 
26 4764 8151 1263 1211 9641 9268 1110 5933 8266 9570 2931 1493 395 6337 2052 1905 2427 3419 4859 6976 8096 7295 3838 5293 1359 2276 
15 9068 4384 444 8945 8620 2439 3625 243 5255 5898 8561 5098 1751 6792 9439 
26 225 2771 7745 4966 3373 5899 2292 280 281 5959 4213 2319 3494 1396 3395 940 2646 5423 7279 226 4567 2730 4402 5896 5563 7487 
24 6196 6270 9684 6422 2044 1458 847 4113 987 9000 4906 7100 889 4322 2413 8006 6142 242 4183 8923 5812 8113 3712 5629 
26 1686 8167 244 4195 7873 3790 9288 4832 7205 1255 3645 9630 4388 8841 8872 5733 6588 1616 6852 9883 7416 7484 8716 3679 6191 6246 
23 3435 5766 6956 1182 649 9228 8023 5879 8918 912 5730 4457 9480 7352 5326 4845 6790 4176 6617 5147 2289 2002 5784 
28 9710 2304 2802 4888 4756 7169 1846 8869 5033 8186 4685 9136 5532 4092 7411 8264 7728 5993 418 5 5469 7540 1095 7625 8053 4193 3637 1120 
28 4749 7548 5853 9195 7118 2072 8695 4871 4937 2272 7143 171 9939 2388 6682 8954 6847 9594 1462 1126 1225 7136 5175 1540 4760 8507 9488 1662 
21 8642 1256 4356 7309 1176 6696 6085 9785 1783 2016 1320 5590 5346 7966 539 5489 5257 7038 2069 2773 1823 
29 3190 9546 9604 4958 9981 5861 3974 7256 9388 4072 4491 2048 2248 5715 2613 2526 1310 2837 9460 8829 3941 5740 9542 5432 1638 7917 2300 5225 8543 
18 2831 6132 3261 6865 5045 5700 9167 6684 7090 155 9978 3590 2162 2499 8451 3741 7954 3850 
24 9134 9842 1631 2652 3930 9481 1531 1393 2154 1307 1154 8242 3356 6947 5747 829 9271 289 5833 5431 3327 6093 7980 6690 
27 8882 5837 2386 9812 6672 4617 7145 2395 9132 2622 6406 4590 5076 3 4850 1535 2763 3447 1155 3548 2098 9891 2136 3012 8467 9606 9792 
20 6280 1250 7278 461 2565 1412 5306 4472 3593 3139 7718 5582 6555 5633 8822 7023 2795 8230 2133 5646 
25 1886 3784 8228 4798 7066 711 2648 2082 9240 5329 8475 8143 9193 3465 4460 654 2416 4997 8526 9147 5505 176 9775 5363 7093 
22 6639 5170 178 4328 7903 8272 7488 7726 4539 510 1769 8931 8356 6109 8270 3464 1484 5549 329 1086 868 5588 
19 921 2673 1299 516 9300 6722 1747 5385 6908 2685 6511 6276 5118 9455 1049 4968 3954 1573 3111 
25 9475 2661 1109 4331 3531 3466 7857 8551 2694 5929 9724 6728 9233 6928 9899 2811 359 6611 5416 3642 9977 6955 6761 4865 5538 
22 3775 2187 9101 3124 9222 599 2220 1752 2557 2374 2842 5104 6813 8016 4722 1397 7859 6936 6993 4341 7057 2983 
15 2480 876 4858 5684 6921 7009 2684 7328 6229 71 8619 9861 1703 2698 2251 
21 6570 1169 8694 4638 1943 7366 15 6059 9157 9175 1342 4762 4019 4381 8732 4612 1813 685 2202 6650 2318 
22 380 4696 1455 1710 1417 1643 9433 3039 1448 614 4258 4754 7853 5053 6894 6501 3902 855 828 4812 5078 8874 
24 1441 7171 5951 2884 4699 2558 3648 7769 4426 2885 9026 6953 5268 1371 1603 3822 9029 1691 1957 1380 2998 4220 7676 2697 
26 7263 2665 2260 8324 9408 3746 1292 5451 6367 886 6772 9298 547 543 4076 1790 67 3234 6668 5754 1582 4956 652 4490 4177 8654 
21 8190 7933 6081 138 7931 2206 9896 2417 2037 2042 6736 8584 4368 8757 2266 2689 5348 2666 6518 7228 2909 
26 8597 6893 8101 4355 4347 1271 5534 4371 4236 2595 6866 333 9844 517 4982 1811 7607 5355 764 7571 3702 4054 7705 5790 8222 4393 
23 9889 3513 4045 821 5160 7794 8316 8007 2599 9479 173 7743 6561 1432 5039 6775 8483 2902 301 4479 8880 8122 2138 
24 2578 4792 4130 4398 9729 4776 4677 8150 2898 6443 2901 7807 3973 6225 5820 673 2849 944 6788 2193 8156 4563 4886 5501 
21 1968 4664 7829 716 544 4714 7998 5486 1424 1394 2197 8720 1486 4009 8759 2354 2752 2592 9061 7673 73 
25 1509 3770 560 8981 8984 8164 3085 9963 8814 3271 4365 4060 4620 8141 727 5925 7734 6949 9807 7973 4763 5044 3059 3975 9668 
17 1422 2107 1799 4642 7614 1513 6387 5810 6679 5430 1919 1187 1354 6470 3687 8959 2890 
26 3364 8737 8560 7515 5465 4924 6821 1476 6375 4718 7298 2462 3006 1748 4306 9491 8476 747 888 9067 756 9552 7615 4338 1730 8267 
17 156 6659 5070 4087 2713 2729 9358 5877 8914 4715 7706 6005 9398 4210 2529 8740 5575 
26 9846 1081 2045 4327 8075 7301 3258 8952 4734 4711 4851 4892 4263 7798 1217 972 7047 6320 7970 5333 3769 8751 323 5446 1439 4399 
22 177 2275 5702 6757 1872 6582 1871 4209 2808 4173 8705 5330 8026 9756 4367 4401 5895 7606 3042 2410 7348 6273 
18 7134 6344 6677 3750 4594 1466 959 3592 6224 8828 752 9903 3223 1026 8417 3688 1599 5232 
23 1189 7216 2108 7715 4031 3895 3584 2921 843 6625 2850 9879 7101 1780 8886 2987 8658 1858 3718 5676 3665 7906 9250 
27 64 9234 403 4552 6579 7805 3843 1008 3874 897 2402 3877 9006 862 7796 9592 3599 1130 1413 2494 7895 7828 8929 447 2843 2492 3631 
19 7808 4989 550 6120 4486 365 4985 2148 3374 569 8248 5778 5215 1849 4230 9296 2677 3041 980 
23 9265 1523 1257 8220 8659 8926 4096 4701 8289 2762 6859 3844 5761 1073 6095 5144 5290 8341 6621 4600 4542 8685 840 
24 5576 993 9975 7103 5915 2040 5632 4159 5041 8764 2994 6891 9428 2567 8812 2918 1820 1759 1183 259 6335 2389 7011 3711 
23 2797 4270 9655 2875 949 5907 1756 4992 8969 201 6077 6175 356 4565 9318 2226 4900 2836 9063 6158 6994 1277 7539 
22 3418 7445 8542 6161 9882 2547 816 9734 744 4876 28 5630 7027 1358 1624 5897 3681 755 1367 2408 3014 1575 
22 1738 8990 147 523 9566 8444 6386 6451 9767 3228 4272 7562 6264 2532 588 5178 9689 5035 4759 4273 1645 762 
28 6172 7812 508 7691 9192 2835 1639 9248 9302 304 3511 6915 96 5339 551 5945 6577 9697 7886 6291 6489 6086 2628 3010 6368 2625 9736 7766 
13 5087 1930 6910 2063 9092 6325 8936 367 8095 4172 1642 8622 5269 
29 6971 6188 3133 8296 7984 6379 5163 9219 9694 2218 6423 8293 7016 8692 1989 4262 6180 8065 5785 1954 5595 2855 5207 9531 8607 6084 5666 805 1150 
23 2360 5014 1644 2023 7081 865 7624 6619 736 9821 6880 5852 2222 3935 875 9206 3964 7089 3084 7358 5753 7044 1300 
24 9070 3646 6476 9632 8533 4787 6587 7629 235 3574 6940 7006 9080 6810 3650 7258 7797 2201 1712 5223 7577 3158 6895 7789 
23 3793 2924 2667 4879 8638 8159 387 8494 9270 2461 808 2051 2256 8689 6776 198 1915 1982 9615 9580 3853 495 3120 
27 4724 3203 8257 1220 8928 7573 3765 2314 1716 4279 293 5357 3982 5016 5739 9017 503 4151 3448 2050 3801 2594 1301 9953 1636 1213 3517 
21 930 175 7837 8062 9837 3146 7415 7502 7004 6873 8074 2834 1011 518 5482 7521 5378 1481 5644 4284 6665 
16 7457 1338 2568 294 7806 5143 774 2311 1918 9471 5638 706 5345 6035 6911 464 
25 8243 9133 9496 2972 4206 8103 215 3845 1337 7361 1203 3428 8650 8299 6660 4692 8409 5364 5703 8441 1249 3920 4140 6080 4241 
21 6657 6746 3621 6218 2444 8917 2947 3962 9725 8281 7031 2761 7589 2575 5787 5707 9437 8352 4311 8862 2152 
22 5298 7234 3157 5040 1861 8883 3501 9941 5502 3847 6572 9275 4464 3485 2629 160 6096 7087 5544 1878 9794 9354 
26 9928 9424 7564 8956 9701 9823 3799 3505 2 7757 8749 4902 7397 4945 9236 1298 8056 5580 5767 1514 5817 8333 9711 3836 3860 9430 
28 9075 2453 8631 3623 3469 4498 3499 6140 4805 3449 8511 5068 6027 9945 8050 7222 8286 1648 3237 5236 1238 6315 5973 3856 7667 8612 131 391 
19 1475 5356 1589 9720 4114 3044 7645 1741 6298 5383 8852 7121 191 4983 9787 7310 3928 579 750 
22 514 934 4353 7592 3859 3269 6378 5583 9113 1604 6281 3455 8643 1765 4380 7054 9389 1074 5454 79 6300 6063 
23 2810 5526 4775 5824 4105 2264 6726 8903 6137 9863 3738 8081 5349 5823 1754 8472 5467 13 7437 9396 2100 7833 5399 
22 8485 5009 8801 2548 4456 9205 3487 8437 42 4004 9181 7932 2517 2870 3563 1694 2656 5003 7350 9555 3664 9309 
21 6491 7576 1259 5001 9790 1179 5323 3121 3079 7944 9163 8532 3810 4632 51 9961 1829 269 4785 5819 5758 
17 3675 6902 342 3007 4856 2332 4947 8314 2995 339 2510 6530 1303 3700 188 9119 7601 
21 9272 6121 1504 3476 3547 7872 2137 6823 6755 2097 2655 5420 3142 2027 4510 532 2349 6074 9591 4042 9005 
23 1101 462 9073 7422 7392 5725 9779 1420 3266 4852 8105 7420 3567 3979 7419 9713 619 3897 6914 9461 6302 9290 8558 
27 3622 2095 7604 4653 6838 893 402 5880 8988 3011 1395 3551 7622 8241 8045 2466 5696 5960 5048 914 5030 3214 2873 906 2914 2750 452 
28 1595 8644 2906 6909 7221 2846 2241 4564 6253 5527 6920 5976 2062 83 9866 3521 4336 6948 6427 8663 1495 4218 3310 1576 2457 9351 4158 2450 
23 1620 7724 7197 9303 7763 3776 3075 3231 126 7675 7201 7584 2175 6506 1362 7983 6673 8666 4425 5855 7115 2321 8674 
22 9028 8486 1104 890 2229 7587 6848 3150 2340 7583 3808 3598 4748 167 2139 9587 7530 7079 7591 9004 3533 9146 
23 6163 2867 118 1392 582 3699 3763 1761 3130 3241 5249 5577 7388 5893 8389 5594 1991 3922 182 455 4728 5884 4040 
16 458 8664 5201 8534 946 4712 8294 787 4436 2379 5322 3113 6978 4286 3043 5865 
21 396 1302 2515 3710 3425 4821 151 5154 9337 7735 1781 6667 904 647 7658 1788 3998 2728 8508 4432 3350 
23 8686 485 6067 9623 7949 8746 6605 1029 8550 7507 5167 4265 8280 5002 9422 1819 2757 6688 2965 1077 2258 8490 8503 
25 4969 1391 9911 2766 3509 8366 3610 5262 8177 9185 9629 3756 9958 8927 1737 1167 1548 1219 2067 525 4269 4242 4977 590 1923 
23 3735 4046 1429 6930 6345 4566 7148 4777 3999 319 1235 450 7781 3004 4660 3318 1089 5286 3143 5533 4697 7731 9097 
24 4247 1912 4282 7920 8562 5305 4394 936 5379 6542 6697 8810 5648 785 312 8944 7268 341 7814 2287 4332 7834 1701 9749 
