29 1566 7566 4392 7529 4777 9937 4307 9898 7316 4031 3637 1000 6674 7682 1308 6426 8276 3960 1623 9896 3052 1987 6517 6911 8522 6008 3404 2829 3006 
29 6975 816 687 2482 5534 3323 5229 5188 190 4640 7190 7000 8821 9287 1905 4332 903 7248 536 8839 8048 5145 8010 5286 9065 621 4461 6955 3504 
29 9475 2446 286 9891 7151 294 4942 8285 4134 1839 8511 8245 4696 9458 4748 6624 7564 5688 1523 1201 3365 8557 3676 7977 7644 6704 7843 3202 9958 
29 6428 2414 1035 598 4046 8063 6746 5010 7927 1679 4292 9012 9855 2877 4226 9326 8996 9587 8866 3248 8704 6834 8157 3084 7457 7930 3645 5551 9307 
29 45 2672 4066 9646 5751 3009 4053 9665 3604 358 373 4374 4565 7388 664 8550 2658 4555 6678 6589 9341 9331 9536 5624 1728 731 8891 9555 6301 
29 156 4804 8128 8851 3410 6123 9229 2337 5176 6572 4997 3194 3955 6701 5833 6742 3641 2945 538 9693 4876 7686 9691 6541 6832 4695 9615 1001 4678 
29 2717 2766 7984 2836 9416 8714 1760 4975 3299 7468 8309 4882 8106 8989 157 2077 7750 5825 3125 8198 3915 6642 3521 6602 6916 8559 1801 1350 5065 
29 7849 4049 6720 7894 6284 3347 5052 7464 2853 3912 6715 4021 2148 331 2903 4317 7836 1073 1058 4670 8809 622 9680 8556 3527 9912 8484 6264 3818 
29 4467 3782 6245 3560 1250 5705 35 4487 6436 9531 7784 4728 7076 259 861 6837 9757 7438 285 875 9000 1699 3469 6289 787 6377 4643 6952 4300 
29 6430 1938 8406 6402 2293 4834 7974 1770 2433 409 3835 4460 4136 6993 6253 8882 3129 2663 100 4359 4554 9225 5932 9977 6943 497 3030 7806 7887 
29 5254 2823 698 5564 8438 2906 6554 5742 8000 5935 1545 4281 9057 7620 2560 9588 2631 7236 3432 2941 6568 4537 4463 8902 7453 5747 501 1268 7234 
29 2995 7914 7704 7120 9636 3992 3238 9546 5772 2989 790 9979 9222 5817 7077 5540 1536 1156 3885 8138 2172 317 712 9198 8110 480 7435 1665 3107 
29 8450 6891 5939 8969 4006 3455 7022 513 6744 2179 5578 8191 1172 394 8883 6072 7499 904 812 5920 2787 6825 5922 8742 1815 2093 2268 7178 7947 
29 5832 8085 523 5156 6150 5360 4323 4282 1299 3887 6210 521 9809 5024 1482 9453 112 3231 5186 1426 6373 6080 963 7376 8219 3906 5002 9643 7796 
29 6198 9440 3128 8400 3064 8277 5990 8609 74 9554 4163 7767 223 2818 8807 1866 6607 1611 2118 1087 2831 1859 4121 5445 9277 9001 8024 6680 6413 
29 701 8246 8366 6992 3462 1448 6292 308 6312 1120 5384 452 3839 3136 6892 6439 3886 5573 481 4086 3965 9775 8531 8811 3459 8682 2895 3334 5707 
29 4182 862 6214 5345 540 5829 6618 8831 7541 6567 1269 84 9116 8115 9010 7102 4240 1495 444 9239 7255 988 5992 7354 5275 9347 1540 2456 2504 
29 820 957 5008 702 5668 952 4567 6299 689 4785 2068 3670 6449 9068 3828 9716 9098 4059 4202 3255 7716 9086 1232 814 8058 6012 340 6842 8670 
29 4611 3210 9117 6890 1398 6681 4627 8679 2027 9425 7812 7345 1214 5451 522 693 1571 6512 9534 2208 5630 3206 6858 3352 4360 6181 3101 8932 7652 
29 2870 1817 6931 227 653 238 1138 3335 8553 8700 1011 9029 778 6386 3700 7088 7378 3820 6487 3394 5866 269 4651 2483 4337 1939 145 8539 8696 
29 6507 2563 3765 8586 1505 6995 9329 8365 2536 1871 3229 4844 4869 2589 5072 278 1050 6400 7879 4357 2023 4173 8622 4326 566 6153 5317 3472 3048 
29 1134 2648 6319 5545 7699 404 7185 6128 36 5843 2373 7863 1524 4825 376 1451 9400 5081 2029 3916 4206 7198 1481 1112 2962 1975 2291 3957 5638 
29 5482 7545 7946 2557 3172 4195 5883 2918 6874 2280 9760 7108 140 924 8436 7199 2888 5239 8420 1084 6131 9245 5025 3374 6784 240 637 2493 2980 
29 3155 9742 4989 8566 2930 2394 1282 4597 9362 5975 7336 4519 5106 1952 8814 4471 2475 6466 2521 7632 6558 5089 7902 8363 5536 205 6397 9403 5320 
29 8044 6488 548 34 434 3036 7176 8737 8581 2947 5781 3431 6813 6187 8140 917 2466 8843 6058 761 4333 1514 1110 948 9962 7810 9358 1484 2480 
29 2139 7760 1348 7421 6275 5868 5499 5587 1354 4370 2654 7925 8691 986 1914 8422 6530 1403 7975 268 6934 8102 6101 5629 6366 4995 9293 7697 7460 
29 3353 929 552 3640 2614 4629 7637 9184 6978 4413 2457 9812 9466 5306 1892 4855 1886 3805 2128 9911 1696 5995 1628 8576 3614 2819 1550 2249 1911 
29 7678 4581 4166 4808 9806 7625 6985 6057 3544 5425 9093 3986 4002 4092 125 9823 1613 3253 7285 2997 8473 2196 1646 2778 3450 2308 9904 4594 969 
29 3216 1359 1734 6864 9804 1907 2167 9407 7768 902 7415 7906 4212 3798 3061 361 418 2200 2173 967 6894 4075 9167 3478 7332 3710 5375 8216 6441 
29 8078 9446 4794 2777 4824 9752 4887 5506 3905 2303 1694 6183 5689 6388 9217 998 9483 4522 6739 2650 9578 8748 1501 735 3111 5466 2143 6142 9700 
29 3873 7794 7494 7394 3953 2049 2677 662 7748 1310 4684 1708 8507 189 7298 169 1391 5174 8082 2598 5623 2210 7933 5359 5936 127 9987 6498 2149 
29 1813 8896 8657 4068 6983 2746 7572 7201 1932 5369 569 636 92 2743 9796 5299 9409 4406 5773 7283 6896 5143 1912 7220 1957 9894 5844 6663 697 
29 207 8339 4170 450 2756 4391 7910 5170 9533 2132 59 6648 8824 7150 1507 6365 2979 1763 7189 2259 7940 728 5088 5728 2269 6203 2306 845 4789 
29 7674 601 612 6493 9095 2401 8933 9745 106 4388 7816 4435 8892 9792 4011 3692 2951 2411 759 1850 7211 6066 2160 3045 7923 4811 2059 7153 1793 
29 9601 3075 8568 5914 4560 1515 2569 6703 4589 2843 6989 4440 3020 9158 8279 623 6492 887 3419 5335 5421 6194 8427 1583 6717 8981 2119 3305 2388 
29 8103 5260 8386 6635 3762 2085 1677 9599 4017 2538 5429 9815 3131 8390 1458 6846 4538 3068 801 6087 8662 6536 5085 4038 4798 7478 1727 1106 6787 
29 2234 8644 726 6093 9079 8693 1996 5446 1888 1810 472 6287 5791 6082 3983 9609 86 2425 7079 591 3017 3980 2025 4222 2498 6673 578 9015 2611 
29 3060 7179 457 1192 2570 9462 2018 9055 2289 8904 1218 6586 6693 5118 2534 5752 5730 6315 2026 9337 3935 9574 9514 7602 6688 6013 8011 4791 4712 
29 7782 8724 2803 4802 8324 3122 4495 9238 7880 4521 5189 881 9300 4423 4420 7171 407 4509 8491 4301 4932 8738 9503 5719 1449 6532 3138 9724 9799 
29 8786 2198 9635 8717 1745 5423 9537 2644 1821 2707 5023 4019 5405 8661 5962 9712 1840 4043 5617 6777 7797 9684 9789 932 9713 7107 587 2213 7907 
29 6261 9925 5503 6416 3735 2036 9467 3326 4953 2624 5142 7195 4873 6010 6772 6611 4955 834 3615 8997 6937 5449 296 2991 2626 8061 1891 561 8909 
29 3187 4801 4797 2228 780 9625 795 1151 7561 4562 9260 5036 9309 2354 1721 7859 9047 5806 1941 6140 1078 1162 6281 4468 2721 8077 6029 966 9212 
29 1826 3562 6062 3333 4151 5308 6125 9235 5878 3304 5508 1754 9497 858 5265 751 8221 9262 3371 4837 1561 6122 520 7287 7551 891 5513 8180 2678 
29 5266 8544 528 487 5128 1644 7203 8577 5739 8289 4204 6574 8144 6811 4371 5356 8370 1654 2839 3600 9926 5576 4210 6569 1287 5711 4698 3918 1627 
29 3766 1204 5149 8797 7084 4573 8992 5596 2435 1602 7942 9281 7377 1176 6338 6998 7626 9776 9929 5061 8021 7451 6420 4039 892 4762 8037 7066 9527 
29 9151 7136 256 6250 3518 7436 1674 3079 4251 5074 2931 4657 4892 8686 831 8578 4656 8319 9706 847 4225 3053 942 4105 8803 1115 5609 6830 9481 
29 4891 3145 4878 3383 6910 8418 232 174 1149 290 4262 7071 9179 1544 5048 9707 9323 6940 3408 6788 3282 1528 6986 2751 9034 6052 3289 7608 9138 
29 3636 5524 5195 2933 817 357 908 6036 1167 4931 5238 5983 2389 4081 5994 7233 4125 2568 9928 4786 8705 6855 3977 3948 547 617 9018 5284 6906 
29 5014 9194 3534 26 4415 9115 62 7751 9186 8627 9973 3606 564 2686 965 5943 7758 324 8156 1164 1902 3861 8308 8542 517 6637 5948 7422 1177 
29 3709 3860 1896 9470 6936 3050 1276 6359 3745 6630 6188 1861 3290 6429 5015 8475 7159 8217 5123 2449 1332 8676 3823 828 1281 1316 8744 3540 3531 
29 835 6885 8205 3501 2304 3380 740 4377 3192 9854 5119 3506 5347 1097 8864 9359 6170 5399 7848 4879 4330 2102 2987 6631 2214 5809 9463 3829 4644 
29 8346 8394 5846 1140 6382 5658 1373 6395 3558 8993 8944 3603 4266 2577 2759 9252 3250 5651 608 3029 797 9550 8633 2383 8043 4840 3072 9349 7502 
29 2038 4830 9417 8919 9385 4248 7286 9406 4745 8182 5397 1329 7958 2092 1135 8908 6924 9553 1931 3245 4854 8071 3165 7857 7477 8376 2807 2296 6216 
29 9053 8698 5973 61 3763 9907 5744 541 8518 2960 2509 2120 7237 2014 4723 4351 3213 8758 3329 7573 6529 9479 5243 6209 5795 3734 4940 4767 1864 
29 8980 8299 9104 7689 7323 3680 8711 6409 8642 7374 9921 7672 527 8248 6670 7615 6991 8425 7578 6682 4668 5364 9950 1878 4416 8164 4552 9544 1637 
29 7277 3265 7397 747 9190 7980 682 8239 1098 110 332 8284 6213 3695 6544 48 8999 803 5212 6314 8930 3230 7204 7128 4905 7741 2467 1946 6164 
29 526 9764 9366 5537 2573 3275 1095 7944 5496 1532 718 1158 741 1144 8601 6438 8087 8519 8171 9316 7160 5933 3154 6053 181 3057 2371 8096 7010 
29 2584 9340 7569 9787 9984 1462 6049 7379 6750 9178 4679 8296 322 4919 1774 9390 9276 9046 7141 7624 3964 7454 6848 3996 344 1937 5543 2530 7911 
29 9106 5552 3693 4803 6407 8074 8381 2591 5376 1427 5314 9689 5411 198 5075 7265 1927 297 840 3372 6004 786 1782 2694 5527 2105 3522 8307 8194 
29 2758 8184 7574 2599 4 6113 2391 6244 2950 5704 413 9910 2825 6728 6716 3495 9525 4453 4056 2665 1334 8280 7490 1714 6490 8895 3083 265 6511 
29 1579 3827 1468 5997 4926 8701 6452 6643 7338 8783 7062 5292 4410 4074 8329 7053 6930 8900 6853 6270 4253 7113 2824 6 218 806 7631 5930 1363 
29 577 4474 6754 9304 1964 4784 4183 3644 6212 5822 5530 7039 8734 2859 7557 1439 9794 255 9528 7634 1159 1979 4449 8985 79 3796 2441 5470 5738 
29 3922 6257 3361 1818 5483 4227 6727 1004 5862 4306 7847 1622 8899 6471 2342 8942 2714 263 7040 3638 8397 7920 267 7583 6833 7858 4592 2016 900 
29 9392 3902 2793 3005 9454 6657 7406 7110 6919 8974 8988 6460 4428 3584 1838 9421 9197 3571 2307 6604 5620 7913 1586 1930 3239 1943 467 2809 2084 
29 9670 9594 7115 5881 4386 2768 4278 3151 5556 3215 1431 5584 1988 4583 2165 6692 7673 3552 4162 3337 9663 8101 1966 3135 1378 4291 368 4923 5921 
29 6570 5645 5608 191 8234 5797 7488 6099 9954 8486 594 9862 529 3011 2761 9931 2219 471 4924 9401 6023 3338 897 692 8100 9064 8928 7841 3708 
29 4974 4662 8027 3099 1863 4655 3836 80 8322 5183 8318 8562 2548 9736 6433 1535 2821 7733 3007 272 7819 7736 8965 4741 1518 9710 1327 6806 2497 
29 2182 6152 3258 2693 8282 6677 7361 4231 2247 2274 5068 7122 6434 8826 5230 3401 1057 222 2022 7366 28 8806 2784 8510 399 3717 3279 825 7272 
29 8598 3660 2785 6155 3268 3283 9494 3669 6218 3675 8655 7935 6585 7300 7692 3896 3073 3109 2319 6736 5893 1355 4324 1454 20 8660 6496 4707 5193 
29 8858 3581 3681 1822 2430 7147 4096 185 3182 6515 7610 4047 4612 133 8650 8490 8599 2379 8186 2272 8452 8430 8853 8818 2095 2448 8640 2957 8636 
29 9435 5130 6729 7191 6374 4355 7408 8790 2161 7745 1082 560 2705 4425 4925 7044 514 1645 5980 7070 4982 4445 7389 3713 2559 5215 953 362 8618 
29 9191 4661 330 1139 9956 1123 2053 4969 9267 5045 3262 1799 8591 4749 4918 7893 3961 414 3737 5099 1478 6109 7224 7972 2976 6929 7008 4135 124 
29 4764 2847 9037 4169 8193 5945 6816 2410 6473 5071 3813 7267 5137 109 337 1068 6146 6725 244 5179 9137 3200 5319 9881 8515 12 1270 2585 849 
29 4935 8372 5941 8356 1049 8162 941 6295 4190 5838 8652 5647 8611 7308 2056 3389 2206 5810 1338 4719 3787 7862 7498 5101 4984 4026 3664 5915 5211 
29 1711 1187 8654 3519 2239 5251 5796 5580 3803 7078 4726 3146 1618 1321 2730 1894 2387 6009 8984 9512 1945 2621 4176 3995 7289 624 9152 6865 3517 
29 2922 5703 5952 2205 2640 7519 2375 5323 6854 1897 8602 9529 8939 6780 7112 4177 131 9077 9174 508 5094 3270 3627 4783 44 8776 282 1653 4915 
29 7883 1752 7395 1205 3950 5724 1055 8442 5439 6523 5856 2052 2124 4546 1498 6147 2108 3184 6958 2596 4725 2461 3699 4790 4061 796 1295 4526 4184 
29 3448 9960 3701 8120 5826 158 8281 3001 1411 9289 2078 6707 2520 3981 1963 8597 9292 9981 7433 342 201 7657 8302 149 3930 6654 1697 3857 7207 
29 5876 333 1365 8431 5566 3610 8798 760 7869 5403 4822 9664 4952 7740 7276 5270 1469 17 8563 8703 8212 9298 614 2115 9759 852 5621 4708 9741 
29 9371 1030 6497 479 9966 309 9825 3625 1657 2415 2909 3553 8801 8509 9002 4277 8707 6760 5038 7398 6608 7391 3578 2302 4196 6667 8743 1397 7456 
29 3387 4107 2332 7979 3331 1239 393 5353 2797 9658 620 7706 1920 8938 844 6100 9513 6962 2227 2192 8580 7085 3022 4150 2211 3601 1027 6598 519 
29 4119 6956 7793 3312 3844 919 2359 572 2574 2832 5659 7213 3147 6192 3646 9325 3837 1906 6083 9516 7945 3864 9623 7523 262 6041 451 4235 2659 
29 1577 773 9957 6871 3612 8615 4076 4350 8460 1519 5514 3825 7443 8278 7363 5775 2290 5422 5463 9965 2361 7254 9101 7717 5864 3760 3931 6898 6202 
29 4071 5030 5492 3149 6030 678 2058 365 1541 230 1837 6552 832 9389 6375 6895 9810 2485 1565 9429 3342 8357 9539 5017 7788 9535 5960 8360 4331 
29 9189 6227 534 4458 4976 7715 5901 1804 2489 8723 6233 2763 5828 6024 7919 318 494 1858 1741 2473 9271 6903 6583 983 9865 7968 5432 4605 7722 
29 660 1599 3533 4937 4710 1217 4302 9571 1767 8316 9067 8214 2276 9414 7948 4340 9297 2181 1955 3751 6468 9373 5358 2282 9253 5937 7029 8265 5269 
29 5835 7256 5324 8624 4123 7621 3667 5759 200 6708 1643 5501 3174 8639 6414 3674 4737 7829 6476 97 154 3561 9879 5686 8146 2737 7861 4965 5033 
29 586 9890 7787 9755 273 375 3881 9753 2322 1555 2083 2943 5768 6174 8341 2949 8139 6649 9162 5034 3999 3862 6723 9523 7119 2703 5859 3872 9154 
29 6812 2091 1196 9227 4050 8766 2057 7441 4205 6675 8617 868 5332 7118 9207 30 1383 7889 842 976 3933 6852 1086 1869 105 3355 937 2968 9418 
29 8995 7132 9568 6032 3811 571 6766 9272 3904 1193 4201 6318 2539 4511 178 4148 633 6963 1366 9432 4245 3593 6489 1686 4367 2706 2850 7978 8392 
29 2417 9157 4259 5113 3582 3623 8834 2232 1549 7401 8573 6651 4147 2984 9024 6220 1173 6850 4787 1582 9105 8923 9569 2884 8533 1263 7837 2879 694 
29 5959 8090 8026 4769 4034 6444 6221 4358 9327 619 2230 8047 7072 6143 4743 9232 1616 6877 9266 1901 5807 5656 2162 4510 5813 5678 5698 3913 2367 
29 78 2163 7096 7060 8699 4018 1203 2637 2728 9436 2799 7802 907 6735 512 4902 2292 2087 7027 4405 6984 3689 5180 1375 1396 172 2789 2936 4188 
29 1959 7901 1040 1670 2479 5066 1689 3858 9660 3532 4782 1292 7596 4343 8148 6453 5790 3113 7428 1748 5745 1072 1328 4999 3943 9423 2123 2620 9770 
29 5634 2146 7235 7458 8083 6876 4858 9477 8377 4500 7257 8623 2397 6601 4776 5652 14 3293 5655 9532 7669 8474 4012 7601 8567 4532 1105 1399 4347 
29 389 1466 1330 1700 1558 4175 7259 7393 739 3508 5412 997 8616 909 3054 5443 2256 1351 9509 4826 562 2356 4403 3163 1279 7553 5257 9782 582 
29 7324 8440 5984 3339 9817 4393 5912 9585 4117 3086 83 1395 5428 387 9996 6540 4623 354 8113 46 151 4283 8326 2340 8306 9476 769 6217 2518 
29 6190 8121 7251 8778 8950 9980 6262 1222 2680 2071 8894 9575 7941 9135 5426 5373 2593 7932 9597 5087 5203 7827 4624 826 2393 3457 5970 1503 6576 
29 3491 4469 8143 6258 1197 721 163 9315 3984 3865 9035 4375 9750 412 1553 7587 2226 3790 4653 9711 6662 5221 2796 4490 730 6901 9383 6969 5107 
29 5371 9246 9868 2512 6620 5102 7952 7347 1012 5100 6138 7466 5661 7712 9334 7075 1876 583 7943 8380 9493 4772 1447 2109 8197 6495 3985 7899 3399 
29 1408 482 6879 7636 1422 4628 5126 5218 4044 4864 3336 9087 6849 1056 1885 8780 3605 8133 307 8800 401 3497 4036 5521 2533 8987 8986 518 7577 
29 4189 5535 8927 8464 2323 1293 8594 3587 356 7330 8215 1589 8035 8371 3723 7681 1828 4244 2988 6685 1026 8881 6909 442 2422 8830 8402 8167 9932 
29 2921 2830 8125 9732 7707 6421 3722 4116 8292 8483 3166 1548 8844 1352 6591 3211 7155 5056 7510 7550 944 1663 6455 1997 3214 4346 3008 2901 6014 
29 7937 7382 4060 2858 8261 9719 4903 4015 4465 5821 5035 38 3454 2790 57 7172 6726 1013 9626 9985 2750 6805 2856 2732 1682 3607 8270 1212 7162 
29 3016 1833 1339 3919 8204 3851 9831 6817 7046 6606 991 4401 8145 1870 305 2508 3418 7425 7208 6035 2277 5328 543 8088 4646 9863 6442 6279 6632 
29 8709 3288 314 4327 6973 7383 9147 3170 7931 4055 5055 2040 8721 4090 1504 5827 7514 226 2754 2639 6923 5141 9036 1538 5196 1820 8236 9330 819 
29 6603 2351 7015 3903 9397 304 7065 9078 2470 1219 3742 2760 7785 3622 9959 9290 2130 8321 7635 3788 2222 6116 8905 5091 4411 9030 9161 5877 3767 
29 5046 3756 7439 5237 7575 1016 6551 2774 2266 5343 7955 7275 5834 7532 4448 2251 9264 398 2684 807 1432 118 9608 6040 6222 9099 5780 126 1289 
29 9014 6330 4944 1756 9967 4005 2920 1904 2541 2318 392 1045 5290 1046 2666 6743 3576 8414 6336 6571 8600 1041 4848 1017 4877 2834 8105 2719 6479 
29 1048 7642 5934 3643 7442 2555 7719 134 5223 1304 1668 9247 1698 3449 4829 5971 4700 3359 7168 1729 2688 9048 3994 9181 8554 7090 3697 2215 5517 
29 152 5160 6610 7309 7867 6348 8368 8454 5274 1610 4833 7400 3134 3812 1146 2372 3535 4493 6695 3549 7535 7311 1506 2072 4459 7677 9573 4339 2894 
29 4052 8453 9584 7929 3306 4009 792 2136 1836 7703 7875 2050 4823 4382 8109 7853 6078 3085 7225 19 6219 2579 5184 7595 2691 5526 2099 6390 4539 
29 8172 90 8934 3855 1608 4156 147 8264 7111 2001 9420 3191 1128 6486 539 7184 1567 4893 1656 5047 8059 3691 7658 8955 7121 2907 7362 4771 6065 
29 681 688 5889 4091 8613 8937 4948 4356 5302 3176 3144 3273 5852 3543 5346 758 3574 1231 1190 260 3509 6391 9819 6907 8736 5586 4516 3870 3952 
29 8424 2996 4122 7244 4622 1659 2138 4550 4385 9339 5601 5309 4100 3629 8915 1416 6521 5331 8291 5977 725 5172 6560 9686 3661 8165 7997 9873 3143 
29 7576 5147 9695 8833 6815 6844 8417 4621 4444 4110 7950 1460 115 5600 4199 6462 5924 7881 500 438 7814 2471 6899 2285 3988 8658 9786 503 9577 
29 7653 1143 1437 6756 8936 5783 6500 9762 8840 4289 5350 67 8855 9464 559 4883 449 7273 8233 6469 4928 6243 9004 6335 3015 2088 2031 9410 973 
29 2822 8502 446 1051 291 2633 3731 8328 3018 135 3110 7082 1085 1661 8761 7238 7737 4596 8973 9521 7627 3223 8127 8648 2398 9045 4512 9860 6207 
29 4115 2381 2554 9930 7798 9761 5224 4472 8876 5502 7743 5327 5395 6941 4813 96 2889 299 6964 5111 4675 6342 8632 809 2264 4517 5789 2623 3232 
29 570 9360 5966 6928 2048 629 8293 2745 2064 4527 3364 4687 5198 1621 7310 4819 2245 180 3261 8419 2861 1381 7445 8192 4571 6972 5712 5988 470 
29 3883 4980 1712 3385 1053 9590 3703 0 3341 789 7243 6976 2998 7321 6836 984 2697 595 2625 5676 9333 770 3577 714 7154 5593 5372 2561 2436 
29 9861 7855 68 276 2350 2144 5525 9456 266 8477 8325 2153 5766 710 5132 3437 9893 3376 5733 463 7971 7034 9496 4608 7970 9991 5029 3080 4916 
29 9168 3240 2241 2 9076 4718 8957 9439 1707 7097 9056 5279 1948 6721 8762 4421 5643 8702 5498 4663 2455 8209 4209 2896 2104 3197 4548 2528 6614 
29 5057 1492 1285 8052 9772 504 2429 4394 8541 576 9835 7811 8752 6182 8254 3102 618 8461 1710 1733 2733 7274 9813 818 9642 5491 9869 1551 6172 
29 7138 2607 6765 2459 9899 5313 5619 6393 7660 9220 391 2502 1405 7549 5581 3920 9040 8034 7628 763 5283 765 4912 8788 6415 4384 6371 5991 9346 
29 3590 1568 8523 9522 4219 1260 2468 4089 2525 9818 3791 6862 5281 2811 7114 713 5076 3884 7964 9946 5626 1107 1311 9342 4936 2828 8784 2956 4659 
29 1179 6791 7380 2169 3524 593 784 3528 3802 3069 1435 4591 5018 7860 9800 7033 3301 985 4389 3000 668 542 5316 6103 3588 5032 3467 8470 3634 
29 2734 9445 8977 9685 4455 443 9242 1245 9084 9885 1256 7068 9007 1483 32 7779 3639 7585 8054 2742 3624 9603 1731 3081 7100 2067 8062 7471 3595 
29 6197 8561 4754 108 5244 8250 3847 8111 1797 7661 1096 9110 8665 3771 1968 1070 9630 5493 4868 9846 3809 7266 1331 3706 6828 4841 3161 7165 5255 
29 5500 1130 9942 3260 7161 1604 343 2021 2562 5235 3362 1889 8448 345 8338 6362 6802 4752 6195 9644 7170 757 2655 5599 4381 3120 7729 8819 2338 
29 187 9832 3878 3951 8540 768 9909 6686 9725 9733 1423 9839 3686 1223 2683 4139 8614 9624 8259 5431 9234 7469 5792 1546 5391 3041 6947 4685 531 
29 7148 7047 910 1442 8471 220 930 117 6186 1971 7503 1023 2842 6951 1552 8990 7081 6494 3056 657 5979 3294 4485 857 7770 3274 2349 8631 1635 
29 719 5673 3579 3781 9175 5416 1076 2762 5253 3340 1226 2382 916 5073 7258 2015 6111 6249 7350 8869 6095 7145 5305 6076 7542 6074 2380 3444 4576 
29 327 724 3119 3987 3367 9629 6826 3997 2310 6740 9545 2656 5352 1147 9902 8362 8975 6050 1265 9783 2958 423 5011 8685 7508 2902 7934 341 6090 
29 9488 2517 3899 4909 7116 4084 8569 1784 1777 7455 5793 7939 4906 6665 2171 234 9011 8158 4133 3761 4154 6477 9335 3800 6506 8596 3349 5240 2507 
29 3875 5388 5334 5127 9073 7603 7016 8572 927 2788 5474 9502 3975 8345 7146 3888 4838 1910 9920 1116 1284 2377 4155 6499 7730 4274 2814 946 3748 
29 4753 9718 416 8003 5109 5086 466 2313 841 2176 7473 6590 9372 7809 1401 2278 9560 2231 5060 5853 579 2934 8451 2405 2844 940 3970 6038 9478 
29 5777 7175 2000 3618 4400 4677 3300 7896 4348 597 4243 123 5259 4603 2617 7018 2312 7570 2723 1075 7 242 459 4733 5173 5280 6157 511 4964 
29 1574 9696 4773 7922 3396 7177 3091 7054 8235 4588 4124 1825 7838 430 3152 1114 4970 4310 6939 8 2081 7293 5776 4108 2862 9320 9580 4635 3082 
29 5465 8961 2954 1614 5612 5020 3537 6752 4193 9737 5547 9412 6456 8038 639 3344 999 8804 5750 1296 9319 6047 821 8802 652 990 7322 3570 7690 
29 2368 306 3833 3921 6748 2126 1854 3513 194 1676 2513 1564 7459 3730 3220 9666 2462 4541 923 549 4491 4816 7465 3438 9112 5548 1255 7399 6575 
29 3440 2156 4390 8503 9129 1923 8257 9395 4079 3481 4497 8815 8666 7288 914 7757 5487 6628 9480 9801 7226 9402 5558 2177 6932 8195 1533 9354 63 
29 6440 9145 7402 6463 1597 3716 8634 2748 8517 8206 3228 3407 5869 7242 3944 6321 7700 4010 7314 7403 5722 723 4296 4721 7616 5787 788 9296 7649 
29 3123 3169 8166 6509 4200 791 2096 1302 87 5700 1233 4168 1319 5367 9060 9681 2798 5816 3539 1180 7446 139 7987 5408 516 5054 9388 3159 9784 
29 6423 1312 4766 5942 3295 215 2154 3854 6547 5277 6225 1002 4667 3065 7882 1783 4051 2910 8444 1043 8656 3070 9364 9953 7705 9041 8771 8268 647 
29 175 9814 8227 5153 9627 2236 5693 9183 9044 7651 1215 6773 609 6684 8675 4112 2110 4557 6967 2871 7749 4563 5019 737 2311 6358 6542 6625 6588 
29 6392 4922 2524 9219 3907 7723 971 2331 4025 7709 4431 9793 4376 2576 9923 6968 4438 1195 2420 8098 1343 2159 5225 3752 7604 4580 8374 283 6148 
29 8725 9038 1805 667 2860 2339 3443 6215 1253 5763 7037 8413 9651 8007 153 4335 7898 588 9345 6247 7434 9379 2905 6293 4688 8244 7004 5851 2451 
29 6229 5801 9336 69 1776 4636 8176 975 9853 8238 7522 7334 9311 1406 922 3672 2564 1632 483 9269 8091 4849 783 113 6408 2572 7470 764 8385 
29 5604 7205 1956 7638 1059 6005 899 3203 5760 5900 4140 6191 4179 4602 9299 1054 6851 9653 3718 5754 8405 29 9602 1716 7192 9778 8070 4419 6491 
29 9141 2191 8952 9352 9836 2801 43 1433 3234 2009 5304 6145 2685 2675 3441 9344 6977 5614 4498 4991 2628 5544 3224 5342 9208 2779 9444 9163 5723 
29 8141 8183 9756 3322 6410 1985 6519 3281 8645 431 4898 7355 8455 2404 628 3897 5880 7217 5043 9294 1775 4744 1841 2197 5882 7214 5178 8805 2423 
29 9058 8669 2890 5632 1124 2873 9955 3619 5105 2955 2629 9127 6763 3251 1494 5565 4129 6724 6120 5444 8664 8354 2529 5665 6201 7856 9841 2217 6627 
29 3516 6982 5555 1520 5910 8884 8006 7675 8154 4432 2891 2116 5497 6063 8124 6380 7676 9998 599 179 9834 3307 9450 9022 3649 4735 7852 2386 6051 
29 7995 8364 9820 1772 6516 2137 1093 9943 7163 1883 2590 6927 1320 7005 5606 1052 8667 1346 9779 9171 2605 3523 6619 8032 8081 8792 8585 6133 1921 
29 602 5325 3656 7253 7986 2775 5706 5424 7392 1370 4489 3035 1244 3321 1170 367 9659 5899 5246 1940 6803 3538 7967 8174 634 7156 7424 3188 1445 
29 9413 94 4994 4650 7985 9721 8791 9795 9808 9126 7305 384 334 2235 8378 3458 6768 5464 6417 5103 4216 1617 4613 5819 7544 9774 1678 9995 7326 
29 3153 625 4507 3044 1465 9096 8727 1998 8076 9308 5906 1557 9628 603 5152 4424 6714 5287 3880 9944 6067 7250 11 5158 5985 9244 5021 8964 4171 
29 138 811 5209 7384 60 8663 6731 9892 1064 2175 525 4101 5441 2463 6399 3470 4106 1640 9749 3445 4203 2575 9905 88 2505 453 4881 6055 4131 
29 8220 7639 8971 1037 1429 2992 2298 3103 4880 4263 1852 686 5417 5782 6228 2527 830 5755 5841 8208 2816 1982 8922 3351 3940 427 5736 7718 2103 
29 9180 804 3772 4239 2141 9241 489 8488 530 6256 7032 4720 4992 9118 2704 9214 4780 7563 3263 3012 8030 3673 7897 3559 1981 6798 5591 6061 3116 
29 7662 377 1807 4870 7890 7667 6411 5138 2846 2183 8358 6672 8605 7509 9935 982 3928 6039 4475 4853 6913 2764 3688 4287 8782 3092 4866 2565 9600 
29 9543 474 5771 6655 6556 8575 1198 7866 794 9499 7761 822 2080 6298 6418 9122 1511 9596 7732 6193 2932 8998 1497 9978 7711 4947 7801 9838 8311 
29 4466 8607 182 6970 6563 7249 7061 3486 8812 4641 2725 9089 6646 8142 2549 4815 7221 6965 3754 774 3189 9472 4336 8112 6920 9023 9645 5392 960 
29 5798 4494 8177 3694 7528 4408 1412 3430 565 4647 1899 6954 6085 7884 5972 7556 8498 5567 8016 2580 1605 7954 3498 5560 1626 3668 8978 7655 2254 
29 3831 1831 7329 5516 9150 8439 4703 6652 4194 4638 8067 5963 8231 9694 3894 5978 3047 8333 9530 9237 7444 9610 1297 7505 7463 8880 7764 6587 8694 
29 3592 9662 7448 4535 1600 7728 132 3871 9781 925 4062 6354 8536 4713 7035 7013 635 2327 5931 913 6126 1153 6771 6534 7281 9613 2985 3808 592 
29 4768 7229 8740 9699 4966 4309 7605 150 9240 9870 8391 3515 8956 7792 4633 2237 5394 7365 1720 4846 155 3726 6694 7342 8708 7166 9767 3021 1766 
29 4904 4349 5756 8130 3620 8549 91 3040 8458 7765 6185 7531 9249 2724 866 1887 8720 2492 9726 3967 9357 9399 2117 5660 251 1634 1916 2267 1199 
29 6669 1942 8073 2526 9790 7679 7691 1322 7680 7304 1986 7824 8604 4180 4669 1488 3869 4103 8271 3666 1234 8863 4409 6317 8409 5729 1473 5204 4901 
29 2265 1824 3630 9286 7790 4639 8924 402 252 1020 9375 6224 7429 4218 1452 4109 2753 5692 7333 2898 315 8456 2883 8672 4138 1967 3474 202 4087 
29 3425 596 8565 2971 5207 7992 5522 679 5312 2689 7484 8808 2262 9 6696 958 9387 1240 1591 8403 7599 5663 5785 4255 2478 8750 6821 7555 722 
29 3815 7297 1768 2715 8053 3536 6566 3556 3724 8211 8677 2325 3356 6908 5504 2225 9507 1450 424 2696 4308 8382 898 6431 3354 1010 3589 2952 4361 
29 9988 3704 6857 9797 2395 2101 2840 7227 3465 9153 4533 8350 9043 9411 1719 6545 3499 5419 1471 9088 3736 9369 3542 3426 5261 9748 7965 6179 9604 
29 5262 405 2069 4311 3696 7430 9989 6446 3195 5028 5222 2651 2699 8185 2204 2741 4378 4738 8304 2827 9639 885 9061 7618 8695 5849 2634 3436 2107 
29 8946 4671 9940 3746 5181 9777 7349 6309 2142 5523 8628 1723 6719 8015 5220 2185 7912 1 4742 3976 364 206 6751 6797 2938 65 4257 98 4329 
29 7633 7511 5865 4896 1325 4181 5166 4454 3711 4520 8089 5404 2033 7025 4157 1664 9119 2660 370 7067 9265 4024 5016 3727 616 6303 6633 9431 6091 
29 1572 5326 328 5129 9640 7180 6267 674 2477 9317 4040 7188 3834 9845 2845 3662 6953 5640 7133 3466 3924 9972 4265 6887 1800 2904 6161 7315 9895 
29 4078 6770 1067 8733 6445 5307 4221 8423 9149 2892 5964 4515 2076 8384 5006 6448 8764 5001 3222 9566 6880 7263 1183 2065 8994 8731 9094 7270 7527 
29 1999 6557 9131 2876 5151 3186 8754 9622 926 1317 4130 8943 7949 6829 4417 5519 4750 884 1286 104 5961 5872 8104 2294 2537 3779 4353 9768 5885 
29 42 3482 498 144 7295 5867 173 3647 8687 6097 161 1182 1371 9160 8871 8732 4800 9717 5468 3397 9715 9468 6548 7306 3014 4981 3868 1099 6422 
29 1717 2765 5653 5472 9520 8526 3272 5157 8349 1083 7727 1168 2923 3317 3026 8373 4492 7353 8827 3566 6641 3591 6917 9221 1266 9828 4268 7996 3227 
29 3183 7418 9361 40 3702 3266 7087 8897 2403 7268 9173 9964 2066 9448 245 2287 1169 5393 7961 7241 6107 7092 6926 4366 1305 3979 4674 3285 7264 
29 9111 9136 5475 1983 1178 4250 675 7915 9986 4736 7614 4127 7370 1467 4128 3287 775 8313 8537 246 1065 1362 661 9124 8218 9452 2431 447 7414 
28 6781 8835 1556 4442 1380 4983 1547 939 943 4158 1683 9952 3246 2632 1413 4146 5642 302 8300 776 1463 8342 7139 9886 9900 378 6320 8715 
28 1386 3181 3575 7335 9384 9549 2301 996 1121 1792 8917 8857 3635 680 3028 4230 52 325 6792 6875 8612 4569 6501 1181 3663 8941 5418 6246 
28 493 5383 2330 6889 9268 555 7359 311 8469 3989 9482 6582 3284 1188 9877 2581 7546 1216 3089 9026 129 5437 8323 3998 8247 574 1739 4690 
28 6042 839 8903 1410 2145 1264 2609 6286 3777 6584 5533 6238 1934 5848 2981 3137 7834 5389 3822 7325 6081 284 2545 4681 2203 5430 936 3554 
28 395 4433 7173 3201 7742 4165 6634 7369 3500 9548 4293 5701 5905 4161 7924 8982 5040 1789 5799 7710 4211 6467 1318 1108 8846 321 1136 2134 
28 2150 7708 2152 6475 2747 1441 6658 9133 1725 1132 7536 8505 4658 1091 3942 6539 9169 6387 3473 5194 8301 3572 8852 3687 8241 9586 120 6173 
28 7245 2086 9460 1275 5456 1795 2295 7296 5748 9203 532 9332 8659 3893 4779 9570 8200 440 1684 8825 2773 6679 8929 5515 1947 3421 1607 9192 
28 9049 7539 3051 9459 7543 9489 8050 4734 5159 4900 546 300 6025 7612 7130 1457 3814 6288 4763 4649 7874 5339 312 2360 8343 31 9188 3529 
28 2209 3025 4543 1976 3671 8462 7891 9380 9415 2511 8055 2826 116 4601 1094 8355 4693 5252 3621 5362 5788 9313 5657 9032 8002 4954 1991 9827 
28 3117 9727 7475 1036 6351 4001 606 800 5301 2722 1104 9871 781 1929 4551 9830 1047 9070 3569 8161 6458 708 5217 5996 3196 9723 3633 3375 
28 2600 9740 6265 429 6177 706 236 5784 6470 7038 360 359 4547 3390 3461 3400 6204 5154 5986 3178 162 9849 9903 640 3547 2848 3719 5007 
28 4077 1691 5476 3867 1390 4867 3573 380 4889 893 8260 8159 7312 805 7099 8926 1272 5003 8495 4987 3969 3626 6355 6022 1762 3583 8353 711 
28 3190 4260 8399 3417 2147 6280 5022 901 8476 8877 3797 8755 3456 6137 7058 5095 2224 2806 1903 7826 4029 8075 9948 1347 6356 9765 5845 977 
28 4172 3720 1531 130 6000 397 5167 5296 8005 8588 9690 7525 9906 7104 7586 8129 9103 8269 6957 9009 1755 4755 2865 2964 8018 1015 6404 2157 
28 4616 9213 4751 8890 2353 1715 8410 5850 4938 5012 7409 258 3314 4294 1142 8713 379 4321 524 8312 410 1018 9945 1337 1333 6068 6776 2007 
28 9888 9589 9591 2384 5585 5726 4722 93 3780 8123 8224 7387 1044 5840 2800 5268 8242 4704 3162 6132 959 1843 2597 4369 9285 2716 5361 9404 
28 3423 8152 8415 6363 6102 7607 3479 2242 5861 51 2928 2370 4430 213 1706 4845 64 2070 6759 8525 658 6370 8243 889 6059 4619 4775 1367 
28 934 5837 1704 9632 4249 167 1243 743 1609 6690 4732 5488 5854 673 2540 6134 9066 1033 9922 6043 3658 9318 5155 374 2248 4895 9731 1738 
28 1788 5944 89 4957 5117 1430 6622 9939 2207 5355 1724 1585 954 5993 9091 8223 9683 6343 9144 4429 3843 9744 9063 7228 1404 8225 1323 4097 
28 6950 7606 9202 1860 9621 7865 1750 1440 4004 3683 2011 4914 1935 8020 3446 9283 5741 3325 3433 8795 1476 9377 464 121 2054 1601 1672 7775 
28 9738 3235 49 7230 4476 5 1521 5390 2281 7671 2867 9051 9228 5808 475 2125 3740 8041 4016 1335 2035 5452 607 3946 581 103 6960 9914 
28 1434 3209 288 2195 8237 5542 3783 3651 7916 2919 168 9780 8337 3778 7344 9668 2309 8684 8868 5641 7548 1455 880 6769 9934 8416 7903 4978 
28 3039 9443 1779 5895 4186 3757 4093 6902 2542 4363 715 7771 5438 7623 585 6432 6376 4648 3244 2490 7786 8485 5380 8555 2627 5734 8548 5410 
28 3511 1125 6046 7449 7232 9258 5682 3420 9851 1248 3863 2122 1695 6114 2615 492 1376 7823 3031 742 4013 9605 8838 9291 2731 2385 6883 6135 
28 6599 9692 8870 3679 3164 6379 5368 2450 6535 7450 8369 301 5200 1103 2982 95 2708 5884 8367 6525 6070 2190 349 5337 6745 3311 7839 9837 
28 8267 5467 7871 2469 432 5949 1300 8463 5406 1242 5366 9908 7701 9455 2671 2757 8028 5628 2362 9230 4939 8229 5765 6248 7807 7089 9971 3555 
28 8097 3832 8434 9408 9382 5654 9356 1194 1326 4334 3277 5998 5611 2682 1145 1713 3409 2488 3773 9028 4220 8719 2566 3493 9805 8918 4962 7820 
28 4398 2297 3972 6474 3412 610 1865 9107 8389 6084 7091 2986 8722 1761 9256 3657 9734 3046 1806 8856 7547 366 7998 8203 9576 2008 6722 1315 
28 7427 1191 9257 3278 4126 4694 1009 1368 383 5976 5192 2946 7404 1847 3889 8283 9295 6712 7783 829 7571 8411 6702 3841 8935 7938 6626 5561 
28 1109 6980 2365 7219 9120 4192 456 2687 6793 5293 3330 353 1490 58 6156 369 1673 8626 3142 4899 1513 5710 2284 9082 3936 7726 2481 4418 
28 4523 1846 7695 659 1737 3292 2346 8920 9059 3784 5592 4988 6018 2657 9763 7196 381 2702 9016 4159 4198 3002 6273 6077 4666 5256 7371 5644 
28 6933 9992 4660 2012 2578 4739 704 4083 7597 1692 7328 584 6882 9279 8489 5479 5295 247 8947 495 8064 8359 1669 4993 4820 8582 4502 1954 
28 666 4632 6778 9042 9702 2912 4486 4524 3100 9270 21 1630 2852 8446 5800 4207 3799 3602 7479 1970 3793 1529 6661 5009 6169 9474 2556 8479 
28 7584 4805 5528 5112 9754 8266 9504 4387 9338 2320 1516 8907 5830 3034 1171 8688 2972 5098 1619 2127 1949 8287 8169 37 77 3451 8151 6843 
28 102 6578 6819 5116 8584 5478 9121 8001 3715 5879 7131 7423 9250 9844 1856 7763 5539 4054 3852 4441 6071 8508 5381 7683 7164 166 3468 4063 
28 691 7781 9913 874 6237 8697 1592 1735 9619 8040 9526 8967 1262 2944 5727 733 211 1845 6900 7372 921 3990 2553 7052 8117 2959 5374 496 
28 1641 3179 3937 2472 3954 8651 2710 888 8641 4272 6609 1867 237 6129 1530 8295 5541 8847 9758 3690 5165 8521 5575 3510 2866 2501 4897 5681 
28 8551 6543 8170 5247 1024 6822 5637 9461 5887 7580 6531 2178 3795 3807 6741 5746 6384 7143 4842 3732 3564 8408 9433 4705 4615 2444 3769 9558 
28 2635 4447 1066 2003 9612 7773 5348 3243 4630 3648 2030 7873 855 5909 1636 2324 6306 4836 6827 6949 2180 9722 5300 978 192 5618 9650 5674 
28 4065 626 3460 6003 5263 3118 6990 6971 6163 1680 8878 76 2495 2645 3747 4280 6396 6045 5708 3485 5858 8014 752 9170 4271 7951 4556 4625 
28 7609 5557 8134 8875 779 8108 6779 9485 5401 7670 7407 3058 7877 6291 3801 7200 649 9647 2662 672 7530 9486 1718 2046 3859 5918 371 2783 
28 1753 5097 5903 2140 3405 8966 164 5396 9848 871 7472 9728 7990 3199 1063 2872 9674 6110 8459 8822 1324 2074 372 8823 8068 7731 7174 2661 
28 1764 8590 7183 1148 1758 3318 4795 8022 2039 8912 4064 4028 865 777 604 254 2695 303 4911 7959 8785 4242 8179 2376 9788 390 1638 1185 
28 3256 1512 656 16 1241 4104 8970 9393 6230 8025 1419 2948 4835 1744 895 9430 7437 5957 1006 853 5762 7687 7019 6324 717 8959 3062 1596 
28 6056 4501 1842 3476 5968 7144 6676 7840 1882 4483 2028 54 4215 5122 7656 2283 2692 3594 2112 5164 5902 6840 7252 2250 3173 6513 7194 9556 
28 7318 9248 9951 5696 3707 171 184 1174 2233 4542 5597 310 799 568 5477 7888 5013 4305 4451 9005 9638 8163 8388 1237 509 5092 7885 1791 
28 8849 5613 2649 6092 9484 2218 5351 4478 6550 6697 3743 1709 403 6878 1726 8031 4033 2299 8230 6333 4920 6158 8690 5812 8712 4872 7966 2804 
28 1785 280 9747 4279 2253 6767 3114 8673 9994 3254 5322 5124 3095 6915 5067 4488 101 6946 7684 8457 1569 4620 8739 1786 7518 8305 8298 655 
28 3249 1573 9506 6234 338 1969 319 499 6559 1307 5311 872 6367 4986 2114 7385 3650 9405 4595 4770 1384 9210 7501 7524 415 4680 2400 6730 
28 4960 436 5213 968 2013 605 3225 6994 437 8493 6069 2643 6178 8963 1137 6629 9209 6526 7963 4711 1157 1570 4908 4042 8637 491 9829 9607 
28 7643 2583 9236 5171 2212 6753 5125 2334 4174 7664 9842 9703 1303 3269 1453 1221 5248 4645 9611 5697 7497 142 2374 9557 2275 9422 1211 7063 
28 9328 6796 2813 8118 4144 7721 5683 6747 720 1118 9771 8813 228 3377 1392 5695 3927 3596 326 1400 6144 9176 4319 1374 6447 2911 5489 8683 
28 1587 3076 554 4217 7109 4587 8865 6361 7317 3487 9720 7282 3241 3010 2970 9196 2432 1224 9017 9199 5414 5518 1061 894 2523 1071 4956 7774 
28 7080 2202 736 3259 3291 5058 8913 9583 9451 313 3892 8294 4402 8094 6873 4756 3891 6443 347 748 3115 9649 1900 4850 641 396 7854 1508 
28 9282 3505 9743 1590 2767 589 2129 243 9006 4396 8258 1206 428 3585 1409 2060 4149 4706 2402 3428 6165 5824 5873 6260 5805 4913 4585 7747 
28 5354 1038 4996 7864 879 4286 5435 8873 4758 8593 3925 4290 1126 2967 8348 6166 4496 1581 1246 3395 6645 4484 5232 235 6159 3652 5050 6546 
28 2711 8504 6151 350 9428 6464 851 5639 9457 9919 1166 911 55 9824 7491 4676 2727 5272 9701 454 2347 8962 732 7647 3938 3148 1150 6017 
28 2378 9031 4568 7969 906 4933 33 2499 1477 1039 1189 2808 9739 9381 2151 4934 2364 9426 6734 9656 1534 1155 4267 2491 7386 556 7568 5987 
28 8595 8383 6640 2396 1961 1283 2838 3821 1032 5382 1526 1908 5162 6272 1771 2034 56 9671 4187 1510 2880 6636 4270 9074 6709 677 9866 6732 
28 1808 766 7011 8547 5896 3049 7375 1944 6562 2552 203 6310 600 1642 6502 5646 2419 7813 7003 4208 469 8635 1633 2427 6818 9071 6235 5273 
28 9159 7918 5886 8049 6504 15 6616 2908 3770 6276 8131 3392 4295 2413 7167 9876 4470 7103 5572 3550 867 8428 50 6838 9579 575 8589 1773 
28 6845 1425 3027 1862 7367 3242 4828 9172 9491 9883 995 8347 8482 7290 4312 5505 7591 5554 9085 176 1984 5735 1974 4008 9143 4224 4422 4111 
28 9714 159 8678 1675 3139 2701 1131 250 4575 2595 8147 2355 8426 6044 3853 388 5199 4035 6307 4269 7303 7665 5709 2926 2776 2544 2786 5044 
28 8854 1271 2916 9884 5148 785 2642 9936 1759 1980 6893 1389 3819 406 3108 8175 3567 8155 5778 4778 6700 9259 1857 5677 9134 9164 4540 2791 
28 8407 6897 8850 5675 6790 9097 7538 3480 9990 4095 8889 3982 5913 6176 3271 8860 7206 1502 631 1379 6372 3526 2336 2063 486 2189 3366 8753 
28 4141 2864 9251 4917 9123 8500 6866 7240 8004 9442 6263 1444 2316 6484 3175 9598 5590 1780 4604 6987 6605 3725 7619 3842 41 7319 8387 6647 
28 9858 5241 5077 460 5005 2279 4730 8620 6944 734 4856 1747 9365 8066 5716 9050 6758 2447 2344 9897 3093 1687 3947 4407 5685 1079 4586 277 
28 4759 553 4067 7026 2841 9963 5857 8478 8036 1693 3315 8335 2019 8334 1461 214 1918 3327 1803 3900 2486 7567 876 5294 1543 4600 6094 4875 
28 7822 1539 9441 7698 5598 4314 4137 9310 2983 6344 3546 3817 4379 4578 7953 6698 4094 2899 8379 6381 1090 6592 7461 4320 7413 287 7537 6537 
28 13 2713 6888 7982 5400 6322 7412 1525 3130 1089 6856 642 3879 6945 6398 9616 5037 9487 8199 6285 6034 9859 8188 1470 8979 1486 7123 6088 
28 7833 352 8080 5461 5082 5714 1344 5053 7202 8330 5420 1003 5108 2817 3063 6451 3890 2886 490 4513 8570 7905 195 9069 7617 5650 3826 1298 
28 2772 2698 2005 9811 4716 4817 6007 2613 5090 6847 3379 7645 9370 9501 8796 5737 335 4534 4894 3789 3358 3655 6139 9582 843 2881 8187 1690 
28 2440 7343 6294 8906 5713 9678 3090 9648 8914 1301 8859 2184 1280 5427 9729 5662 9999 613 7262 5923 1008 9305 823 4927 5459 1655 7772 7886 
28 3363 6687 1407 8949 663 3411 8564 7960 8848 4559 2735 2887 3121 1314 4365 6841 2445 5236 2726 5625 458 7659 9201 455 4973 4197 7533 4821 
28 3384 7487 7031 5669 229 7957 6710 5163 8441 615 6357 8976 510 5839 3753 7909 2341 2929 535 3792 9843 5814 316 5702 5110 1385 1928 5227 
28 654 9887 6200 3324 1267 1787 630 6419 22 6795 8499 644 2408 5450 838 1496 1225 1973 1563 8524 6831 8888 7512 754 9148 3758 1522 7559 
28 5233 3775 8492 2252 6278 1236 883 9675 7483 4792 4665 7059 5974 3502 1517 4727 4232 762 6527 3217 4007 293 7486 5402 5276 9916 2670 4364 
28 2586 994 854 7481 3150 6580 3917 6205 2917 400 1688 7983 2720 5664 3786 3067 3971 5495 5139 7506 4859 6254 8770 3157 6503 6823 5365 2587 
28 2603 8545 128 7724 2343 949 2258 2531 5168 2061 8153 2255 2314 3393 4637 6644 183 3193 6054 348 1814 146 9657 8777 7991 8060 836 7260 
28 4852 6425 8710 3698 6073 6520 3741 4809 4545 6037 1349 5480 3124 5761 3180 6786 8972 1781 4439 9125 1077 2317 1031 8527 1958 4561 5635 2406 
28 295 7186 7496 5349 627 9856 7117 4315 3156 5133 5904 6997 249 9672 2869 611 9427 6326 8608 8692 6031 3087 7440 7094 5870 6184 8619 6596 
28 3233 7337 810 9224 8820 6304 7800 2238 4247 8122 1228 3453 9303 1829 5786 7795 6104 6124 1291 1844 7057 8449 1811 5764 5549 7246 8514 9510 
28 993 6668 4088 1100 3764 8726 8532 4145 8728 7876 7209 7928 1972 729 3477 1122 6518 4654 646 279 6401 1953 6981 4746 2170 8893 2969 4747 
28 3877 4246 1924 3659 4697 9915 7777 5457 4003 3388 8668 6999 8352 143 9595 8288 505 6689 9875 4142 6118 6733 9301 2638 1428 7900 2781 5473 
28 2851 3628 6461 3598 5940 7381 8201 7489 3167 5121 6171 8769 5890 4098 7431 4072 8310 7210 3252 4285 7193 3221 25 9667 1705 2487 7593 7540 
28 2452 9850 4807 9019 9974 289 9803 2744 1603 6824 1647 9092 9618 7346 557 8610 4843 8023 9867 5602 1388 6774 2437 1685 7791 4590 7805 1778 
28 6424 6600 3316 1926 5436 6027 8958 4273 1081 5490 2097 5550 8512 947 7271 3512 6334 2792 705 7098 3617 9108 632 4297 3993 3345 9100 6480 
28 1377 9791 8017 422 6211 1994 7526 3439 7045 7135 4504 2857 1933 9261 2424 9424 8867 7292 9730 9614 3874 2421 6579 3369 1474 4380 870 5562 
28 9155 3247 5206 8745 931 8046 6167 9975 7105 4579 6705 4689 1102 4943 700 1382 2740 7808 7357 3077 8181 7594 7073 1254 6305 4352 6737 7917 
28 5919 5336 1909 3350 2664 9773 7598 9437 3158 7024 5175 1880 7247 6508 7725 1606 193 7064 3714 6549 945 4810 3257 7517 7106 6311 4714 9255 
28 6340 9498 8781 8625 462 8072 7299 4642 4831 6666 4564 8558 8332 3806 9552 4477 4525 1578 992 9807 3750 1129 9637 4884 6327 3226 7921 4014 
28 6808 5967 7581 3866 3177 408 8494 4692 4229 3545 5064 5083 2900 8842 5191 4434 6617 2113 5927 6064 6108 7600 3910 6761 9705 8953 8290 8395 
28 1415 3503 7042 9559 1554 1588 703 3489 8398 4241 753 5770 9769 339 2010 7126 645 4070 7832 1992 3966 9449 5589 2812 5344 5161 6240 6405 
28 2849 3104 336 5377 1080 3267 8968 2794 425 2802 3494 2020 9434 3759 1358 5409 4740 507 4618 165 6297 7818 7197 9025 2567 3207 2810 8465 
28 1141 8447 5917 3914 8445 515 2868 5177 7405 3565 886 39 2390 6337 6450 7558 1341 1743 4686 7821 3032 7895 3066 6325 1629 1615 950 7908 
28 2805 27 9075 8327 6912 7086 216 420 6277 5070 8760 9993 6115 5093 8787 815 7630 7231 772 1394 7420 5753 5120 4593 7280 5471 2594 3810 
28 3968 4303 1113 1835 1631 8954 4514 7356 261 7419 8213 2647 1459 877 3096 6119 7994 5415 7373 864 1475 8065 7101 8606 7050 1022 9697 2155 
28 9215 5583 1021 1809 5333 9322 2622 7278 6162 1360 1493 3563 5219 3568 2837 4080 8336 5672 7447 5469 4536 4342 3447 3848 7738 448 7926 7021 
28 1965 3496 4765 8872 6313 2166 3205 8263 8528 1290 1309 6510 7157 231 5718 1736 650 1702 6691 3738 4041 8202 9661 1594 2942 8487 119 3876 
28 8039 5595 2263 3373 5226 5144 7239 5911 4446 257 4178 2610 9216 863 1662 4027 3004 2453 72 3475 727 3739 4362 9878 6783 1288 1184 3071 
28 8099 4397 7611 2399 1421 3755 9864 8249 2961 4929 4857 6098 2017 8886 3941 4373 8029 8116 7127 5891 4022 2438 8716 6713 9947 2516 9847 8629 
28 7828 6785 6623 2244 7579 9391 1238 8718 5769 6015 4941 6814 683 7663 2739 8190 3204 7181 1480 8086 1722 1208 4505 2667 2094 8228 9918 7364 
28 746 8730 8286 5115 1890 1257 5670 8649 8274 6329 5951 7830 8435 1249 6175 1456 2975 6938 7762 4606 9938 2588 7480 6086 253 1369 6332 5486 
28 8033 6683 5185 3126 8765 53 9961 1420 6328 7462 5096 4582 3303 5330 4598 2326 5187 4191 5605 4508 4558 2729 1479 1209 7746 9080 3218 4871 
28 9561 2335 2418 7552 4152 9302 6427 1258 3037 8794 3055 3721 3705 2551 9673 5982 4610 5989 9511 8767 7565 9374 7666 3112 6867 7817 3956 6121 
28 2652 1925 5721 2305 8910 2221 3348 484 1895 8150 4774 5699 2416 7043 7012 6075 6861 3276 5636 1649 5321 137 9508 7074 5725 4518 1313 7368 
28 7735 8472 1816 9592 2051 6242 1487 2674 7390 7815 5329 1069 4599 8925 533 7778 9140 1584 6232 2515 7904 8252 7734 2927 426 6988 3530 8799 
28 7851 3492 7331 9378 2352 2519 8375 435 8874 6711 6914 5249 7589 6026 9547 4614 2043 8480 2131 488 5264 114 2953 2261 4412 8916 2532 7187 
28 3042 551 271 1417 3744 2024 7878 9182 8262 9889 8253 2412 4930 5027 3514 9312 1537 2133 3973 5929 9062 3613 3586 1951 638 9398 824 9882 
28 4967 846 4951 2755 9139 5051 3541 5303 974 1849 2474 3416 3464 7962 5732 938 6353 3824 2164 1757 5363 1658 1005 5538 4702 4827 8132 1154 
28 445 2496 4318 7516 2186 8681 5863 209 4799 6268 7284 9821 567 2428 4167 2193 5484 3378 3776 3296 5607 4000 1500 3237 573 3653 7654 2494 
28 9211 2795 7694 3932 3845 1681 3033 4452 848 6364 4921 4344 225 918 8560 5622 7218 5340 6528 9386 4528 9013 1877 9633 2329 3840 8879 7756 
28 671 2550 4238 7744 82 5610 7028 5315 4577 3908 3402 6454 9280 2546 4414 2315 8773 2321 7956 5871 4102 1274 8084 9766 7396 1464 4832 7134 
28 5370 1062 5197 9785 8530 4304 1342 4185 670 2646 2426 1742 3368 3382 210 7307 756 8571 6555 8735 3413 7892 5234 4959 7411 6881 6269 6942 
28 5588 8207 6595 5553 1575 473 745 6979 6300 2286 5440 9677 1261 2893 4213 3343 1117 4261 6394 6346 9275 2089 9348 5582 2718 2999 2668 3386 
28 9822 3991 928 6925 9816 9165 385 6369 7993 1074 3548 8552 2121 7739 3963 2484 2047 4572 7041 7780 6514 6801 6241 4664 2709 6271 6564 8351 
28 9581 4796 563 5298 684 3332 964 2158 9798 9376 5413 8437 9278 2882 5956 2216 5631 905 9518 5288 4073 7169 8393 856 2712 4998 6189 1868 
28 6130 188 5511 9933 6718 6481 4673 3934 8638 1671 9917 2897 9833 2973 1353 3677 6180 5131 8107 122 433 2476 8160 4961 7152 2345 6149 75 
28 2993 3856 6231 1278 7416 8178 6437 1802 9231 2835 6033 9187 5874 3609 2300 4814 7622 4404 2602 8729 5715 351 3838 3141 5569 3328 8945 6835 
28 2636 7216 7014 5387 421 1133 5079 3830 8680 4652 2924 5694 3435 8255 4761 274 6403 2690 2460 9396 8173 8126 18 2618 1765 4237 5953 5836 
28 6638 4338 7358 7279 3898 1639 1917 4341 5568 3078 8008 292 6206 1029 4851 9617 6079 4143 8671 3768 5004 4971 2978 5615 1227 5926 5042 9343 
28 3198 2090 5136 9669 2966 7149 4069 6389 5802 8689 9368 545 2833 6406 1667 5378 9419 1652 1252 2641 1251 4427 8045 6011 5633 3958 2075 6656 
28 5955 6671 5938 4717 4715 2106 1160 3427 5434 8603 5509 5000 239 3974 270 5594 4570 4085 9641 9226 8069 4729 695 3219 4437 5507 696 1235 
28 3611 9538 6699 7976 2358 7158 3019 8506 219 6800 7009 7007 9081 9008 7844 5485 2111 2333 6863 1356 5743 7301 8706 8535 5231 4683 5779 1993 
28 3236 6347 1186 2736 6283 1042 590 4724 4885 6412 2547 5291 6612 6757 8630 4549 6884 2270 148 8340 5888 8344 8940 1812 2514 1446 8774 9941 
28 3171 9200 477 7650 5860 7668 3949 6738 6236 9562 4443 5803 9490 989 7493 5731 8960 5150 2045 5563 890 3023 6659 2990 7804 9438 3901 8314 
28 8057 4757 4099 2135 873 6794 8746 1485 987 9274 3280 1915 6352 4617 4258 8497 8757 4865 5616 1357 6290 7055 3424 4584 439 8272 8412 212 
28 7320 3632 5908 5310 9033 3733 5925 2738 5278 3774 7776 3631 2878 1853 2006 5648 1161 1732 8056 9102 9840 6316 10 1995 6308 9687 4037 7417 
28 3452 2874 502 8841 2535 73 1542 107 980 3850 2100 7554 9233 1294 9355 2187 955 912 2592 2458 4234 2669 8836 6251 4228 3962 8583 1651 
28 6021 1247 6664 6117 4910 4530 771 6274 5757 3212 8862 2935 5894 580 6483 4839 5242 1336 7093 5271 7269 9205 7520 4531 1509 2273 9968 2994 
28 4574 5532 5529 6961 1210 5201 9565 4395 8042 1259 7036 7766 6581 5379 5104 3370 5205 2229 5078 9142 4626 2199 1443 8520 9517 3168 4963 2681 
28 4760 23 1491 1499 7769 81 2608 8741 3320 3608 9593 5282 3926 6749 6706 7124 386 8587 6789 6019 5250 4426 1978 8810 4479 2616 3059 9982 
28 4322 8983 6935 9052 5574 5671 8093 9880 5969 9634 8222 2044 4132 6996 5767 4113 6807 8643 8674 4464 6886 7339 5140 3208 6136 9927 5897 7534 
28 750 7720 5031 676 6922 9027 7513 8828 5570 5603 3298 3127 3094 6457 4368 6282 3043 9709 9083 3357 9682 5190 6593 8747 9563 7789 4256 8114 
28 2223 4949 417 2940 1562 221 5916 6615 6331 5687 9500 1163 71 5135 66 4328 5447 1950 4372 4972 2002 7562 6239 1580 2749 3308 4354 411 
28 8404 8432 6168 4607 1025 6016 8012 4048 7693 1207 2522 4316 3360 1418 4276 9564 8226 5385 8303 1230 7302 8079 6478 4020 1798 951 8887 5666 
28 1769 5245 5965 2037 5999 6966 8756 2679 468 2243 9976 3434 1489 782 920 1832 9469 9156 4499 7051 346 1202 9620 7868 6921 24 6650 7492 
28 558 7222 5069 6459 9263 4082 690 8256 204 4888 70 5442 5847 2500 9177 802 8837 5357 6127 3140 8467 6089 2392 5386 5559 4058 5717 7049 
28 9054 476 5740 9606 3391 6868 3804 4874 550 8013 6252 7432 7340 1873 1598 8534 716 1213 6775 5338 6196 9631 186 9524 1393 8501 7474 8898 
28 9872 9288 3471 7351 3557 6255 9394 7981 9949 3105 4945 3490 3849 8149 8621 981 4482 9567 9195 7504 136 699 5039 1790 6660 5928 6974 2630 
28 962 3929 5898 9130 3442 6485 2673 4672 7629 363 9654 6948 5691 7973 5842 6226 6302 755 5458 7507 8275 8763 5571 197 196 6266 3038 9802 
28 7006 5049 8297 8829 837 9874 4313 5875 3678 9254 9983 9072 5579 1936 2464 6323 3895 241 2974 6383 767 2875 5981 485 6573 2915 5481 9204 
28 1472 6597 665 2042 2201 970 4298 9350 685 323 4990 798 1650 6208 5577 9852 8401 4847 2271 6870 1200 6465 1874 4450 5907 6755 1559 419 
28 6613 9243 5462 2769 5258 1229 5433 3429 4264 8466 199 5289 5063 5720 5804 1819 7999 8396 1823 7825 2240 298 7799 2328 9542 9505 6639 1648 
28 4114 9826 5815 8273 979 738 8320 177 9314 5059 2062 1919 3415 4288 2348 8168 2653 4860 7582 7646 160 3712 8647 3909 4682 2041 3580 2582 
28 7426 8543 544 1560 5680 4252 320 2409 1028 4958 1092 8832 6368 4862 7069 8529 3319 7410 9676 7640 329 9652 7754 1576 9698 4793 224 3642 
28 1660 275 7752 4529 5448 8991 6341 3520 2601 878 1402 7560 2465 8901 3525 6223 9471 4609 6839 2366 7140 2503 2079 859 6533 3024 6524 5208 
28 4473 6001 5134 4436 5520 1913 6859 5084 5510 6472 4223 5811 4985 2082 669 8759 7129 4299 6020 4781 1019 8772 6141 8845 5285 5216 6810 7936 
28 9284 4236 8513 3682 2815 8421 956 6764 6160 7291 3484 2913 5080 5820 2032 6594 4164 744 4023 5494 9114 217 7714 6339 1119 9113 8768 233 
28 2098 9166 5794 2963 9751 4030 9223 1730 6296 2055 7352 4284 3685 6060 1830 5531 3013 355 4806 2543 1922 1827 2434 7125 860 6028 1345 2288 
28 6096 1364 8481 2506 1220 1165 5228 1127 7755 1749 3507 6378 1701 382 3684 5546 5958 4812 9901 4731 707 9146 7360 3729 9679 3816 3403 5823 
28 4634 3911 2604 9735 2914 1740 6105 793 7835 833 7753 8931 9655 643 2369 5627 9021 8429 1101 827 7182 2619 6799 651 5950 6435 4254 6804 
28 7613 3665 1746 4480 2752 9540 6112 8646 3185 6385 972 2188 3488 3132 7831 7212 461 3728 3945 935 9541 7452 2612 9020 6360 2357 8443 537 
28 8653 281 4214 170 9273 7870 7467 9495 1620 5749 6918 1436 1796 1879 264 3616 6905 1625 8496 2676 1438 2443 9572 2257 1881 1875 8816 5453 
28 5455 9447 6959 961 5182 208 2770 7592 3654 9363 4544 2780 8538 7702 5214 5026 6621 1624 4886 4863 5892 9306 4907 9924 749 7261 3381 1990 
28 8948 2442 7648 2965 7485 5318 2771 8251 465 5297 4818 3310 2977 4045 6904 7515 4946 2700 6505 3097 7137 1989 2454 8749 2510 3074 4345 7348 
28 5062 3551 8592 7020 6869 813 7872 4950 2937 3398 9970 3846 7001 7588 3463 6653 4118 9465 8331 9519 7017 2363 1527 7713 882 8574 3106 7215 
28 1595 5041 4503 5855 9515 2439 4566 6538 4325 2558 648 1960 1962 6006 99 3599 1088 7023 4861 6349 8361 8951 4979 4631 5398 5667 7850 9969 
28 9688 4701 915 1152 7482 3346 3297 141 5146 5407 9090 8861 3923 3003 2939 1977 9551 8921 6199 7685 5684 1372 441 7521 7223 2925 9109 7341 
28 8315 8468 1014 896 2168 4553 6522 8793 1007 3313 9857 5818 6809 8135 8095 6106 7500 478 9473 3597 8136 4462 7048 1834 3959 4699 869 7641 
28 8546 1424 3302 9128 5460 7842 7988 9324 6872 3794 9704 1034 709 9367 4120 5758 7803 3088 1884 3749 9132 506 5341 6577 3406 8317 7294 8009 
28 9321 7030 4481 3264 7845 1794 2782 2194 7142 2260 4383 4456 2606 6345 5202 6350 8196 248 8817 9746 1703 3309 3483 3098 6002 7002 6561 7688 
28 9351 6154 2855 850 1855 4788 1898 1306 4457 6860 6820 933 7846 4160 5114 3978 1848 7476 7083 4233 6259 8789 1277 8779 47 4890 8092 5690 
28 1387 1060 9492 8885 9708 7327 1340 8911 6553 4032 8189 7056 8775 7696 5947 6565 8210 2246 3414 5267 4709 5649 6782 2885 2571 5774 8240 4977 
28 7313 1893 6482 1175 8751 1612 1414 5512 111 4691 4153 5169 2004 8137 6048 3939 2407 8119 4399 1273 9206 3133 8433 5946 1361 9003 3422 4275 
28 8579 4057 1751 9039 3 5210 1593 3882 3785 1872 3286 9218 7989 9185 2220 8051 2174 7495 7095 2073 4968 9193 808 9353 8516 6762 1851 85 
